nick@LeafySeaDragon photon % photon-messenger
SIGNATURE CHECK PASSED
Ed25519 signature: F6FF5B2ED19DBCE3AA284C287D74964672001667D92DF79B31F61AB0C14394FEB685CE322A6DFDE5941386CEA66A38664EB4F4AF26F0C32F556F894C3F978F0D

Photon Messenger - Distilled to what messaging actually requires, for true data sovereignty
by Nick Spiker <fractaldecoder@proton.me>

I built this to give you the best damn secure messaging experience possible.
Your data belongs to you—no servers, no tracking, no compromises.

Found a bug? Have feedback? Email me: fractaldecoder@proton.me
(Photon messenger coming soon—for now there's only ~3 of us!)

Network: Bound to port 4383 (UDP+TCP)
Network: Using port 4383 for all traffic
Status: Using socket on port 4383
Network: Search worker initialized
Network: Query worker initialized
UI: status checker started (presence + CLUTCH)
Status: Background thread started
Status: TCP listening on [::]:4383  (dual-stack)
LAN: Multicast listener on 239.104.199.144:4384
LAN: IPv6 multicast listener on [ff02::68c7:9014]:4384
Status: TCP receiver task started
Status: Receiver task started, waiting for UDP packets...
═══ VSF Disk Read contacts/index (decrypted) (58 bytes) ═══
[
  ╰─ (d3⦉7⦊contact : hP3⦉31⦊⦉G^0*
          7FF3835F4F5962574CC354CE8ECA04B5E49F195A0DA54E6A4CD0FDD782B559B5
          ⦊,
        x3⦉4⦊"zeno"
       )
]

═══ VSF Disk Read contact/state (decrypted) (295 bytes) ═══
[
  ├─ (d3⦉12⦊clutch_state : u3⦉2⦊
  ┃    )
  ├─ (d3⦉11⦊trust_level : u3⦉0⦊
  ┃    )
  ├─ (d3⦉6⦊pubkey : ke3⦉31⦊⦉G^0*
  ┃       90E571BF906ABC29B271ECD8E11B1589DE39636E0D7E89E427A0D9D785CD28C8
  ┃       ⦊
  ┃    )
  ├─ (d3⦉5⦊added : e6⦉2026-JUN-28 11:44:35.608 AM⦊
  ┃    )
  ├─ (d3⦉2⦊id : hb3⦉31⦊⦉G^0*
  ┃       DD7F8D9F21BD991F1137D584D80347974667E2AEA5F7277F6C162932DB18D21A
  ┃       ⦊
  ┃    )
  ├─ (d3⦉2⦊ip : x3⦉27⦊"[::ffff:192.168.0.197]:4383"
  ┃    )
  ├─ (d3⦉13⦊friendship_id : hb3⦉31⦊⦉G^0*
  ┃       14557645308EC43B6C0C6C400E2474D1D78FF4F6C1AAA8E7EADE247D3753607A
  ┃       ⦊
  ┃    )
  ╰─ (d3⦉26⦊completed_their_hqc_prefix : hb3⦉7⦊⦉G^0*
          401976760E87B6CC
          ⦊
       )
]

UI: loaded 1 contact(s) from local vault on resume
═══ VSF Disk Read contact/keypairs (decrypted) (602341 bytes) ═══
[
  ├─ (d3⦉7⦊pubkeys : kx3⦉31⦊⦉G^0*
  ┃       B7FC78ADB8BC7F8CF318B783E143E6E718833E9F966CA6C1278599BF589E6442
  ┃       ⦊,
  ┃     kp3⦉96⦊⦉G^0*
  ┃       04F93FFF4BD68D19BCC67B5CAB2F5EC78DE32630EF6E1E1503EF927A5E50B061
  ┃       7BB2123557262C6006C70E0DDC9DC73A7CBDBA7E65886BB40E73395F61025122
  ┃       9352A5D386D4EFE3E86D97BF10732492737EB2B12B9C97359AB56A334BEA7E91
  ┃       94
  ┃       ⦊,
  ┃     kk3⦉32⦊⦉G^0*
  ┃       02813C71803E4F833C5586F1F5C7B78015656C6EBB0518C30D8AE2F22FC3797A
  ┃       BE
  ┃       ⦊,
  ┃     kp3⦉64⦊⦉G^0*
  ┃       042E65E4DB33AC00F70F8F16A74B00E38FB74D30D8EFAC0DA692682B25216708
  ┃       16A36A00A999F031909E29FDA9E1B37CACFB55AE1C460238A5EA66DD26E300CA
  ┃       90
  ┃       ⦊,
  ┃     kf3⦉15631⦊⦉G^0*
  ┃       BA51B52D58E392697318A0A52AFDB10CBF2E8F0D4BCA318A56C2C302AC6B63EB
  ┃       3960641BA9973A002F595CAC859CE06C9CEFF2636D521941F081EB291999A587
  ┃       C6C35390505AE5E39724214779DBB66D33A98DF6287F7711B12625CA6BE52DB8
  ┃       14E366EC980A682CB074FEBABB26C0229E437BE28507AAE7063B7293C20605A4
  ┃       42AE8E5BE7D6AA460887A666EC845DF1FC3006AFCB2A960F29920668762FB62C
  ┃       E87B0EF641AFB004624FAAF948045776C09914AE5EF89101CAE36D5DFF48255B
  ┃       D61B042E844C875B7B601FB07A9B289AA936DD9E373699EE5170E7CD5C5C581E
  ┃       8BE4EF75CB120A02A64B48F9C63D5088A8F3D03F4334427BF4715D3576407B5F
  ┃       AC66DB34C2131BD5A7F352D711B229D22A2C4EFFEE2AB4031EEDAA7102EFC36B
  ┃       06492561995330A4C301F3A33B60ECF0E95448F9E91730C5B0C42E3DACDBD174
  ┃       FB9DB6E6EFE3B058DF6169D6A15DBC522F009446DA959066694A1C4CCC0DBE75
  ┃       DBBF74B15EADFBDC5E778FA7B05665A7AB4ED50BB9CE9D40AAECC65968A2AD5F
  ┃       525DFFE9E6567FFBD535D68A62D94617D832C87E5D1B008728B5FC0916529C26
  ┃       5A3B9AC72BB42BEC0C1F9E7598E114AEF4F39F278DDCDF599A9F5A4C2AD80654
  ┃       947797E8E2347907FDA179F77AD3E19E66D3AB629B1E852626C27F998C91D7B1
  ┃       71A37D6EBF7BFFD77DBF6EBBDB4327C869C8AE9DDD1F09C473EA98A51B5FFA9F
  ┃       04C7E16AD3119F7B4EC104327BE39DAA02650CF6462F51870C9DC7D08AA7B8BF
  ┃       CCC7413772B5308BCC7429B1B1AC508BBA8F32E1F5D0DB285FCF5B2AF898EC14
  ┃       3D92874E1C8733D5A46589C704BB8F6646AD7A0834521674DFF47DF383EAB81D
  ┃       D14EC0A7038CE79F9AADFBF002382BAD93898765854ACD698DCB4BCFF57119A0
  ┃       8D2EAD204E22A2AA6EE149C57CE37AD2CC19D26CEBDCF58A4893E226099E9108
  ┃       D6C0EB14373ADA3D438981A421667ED635D43E093FE45D13DD96CEB4901BEF2D
  ┃       D0699C99B1C6C216C253D7FE6D342FBF26E7C77659B65C6E459B417CF01B0C35
  ┃       420C1A15FE513C7248C781452D818CD56B5B8806001937F4F2BA9123877C3059
  ┃       417AC0C540FD1D60BA75C3D176163B0E109503784DCF6EE3A036C38E47A1BA3E
  ┃       6A91B38CED84676F09F111A66D4C8560F2E0AB30D54F8F85831480B27431FDC1
  ┃       6E399D267DD55F9183F36FB4AF7142F81E58C498C90174732C730D6978747571
  ┃       8B1468F4E164897C9C51DF1A48580CDE2E57C7260A0E2124C1598C803CCEBEDC
  ┃       5AE1B71ACCA0E6DC75F4F4E6FA47CB408581E64CBD5EAADAADBC40125A1CA711
  ┃       B551AE3B90E25D096EF253E2B1BC0638CD91F129EB3A73A020D678D9404E3841
  ┃       FCB50E71499359792982ACA43425D1108F2E4DDF58BFA9A5E8E871E2BF0A7E07
  ┃       56DBEF86E14018326F7B98C84F186BF576F81751F10CC367BDD4B1CBB94B5262
  ┃       ... 13584 bytes omitted ...
  ┃       F329CA77D78936209E63D9EB29D436FB1A59539002D346DF7F3D9D256224863D
  ┃       1DB41619B775031FB746900CF516AF787737802CEB4B13DF51D1950EA216ED6F
  ┃       879CFE1E774549EE9B77FD1362565EA32FAA249885B5C42BFF55D8184A995270
  ┃       5C8A9C1BDB8ACCF5FF26C6EE1A45F4A58C2AC6B2F8C9C9228B774ED1B702FE0F
  ┃       AAC8D4BD657F48EFD6FDE53CAD287D2D61E650356C2ADC8847CE5153BCF9C22C
  ┃       EA5C4177C856E409E3368BB1A2C69CBBB2230DAF3B80F4594C71AA163684BA76
  ┃       6FB0B5A8B29A1461664024BB4EF93AF83E7B461885C9BDD45FBB96D505A66290
  ┃       92FC389AF56A1D8A607DAF67505A8F6679F31832C42129E81D1B2D2A6730580D
  ┃       8FA02E52655D2E3D201EFDD26086F94A7C871279DB5FCC8AAA2B2692F9865E2C
  ┃       8DB3136F6C66EA643320B07365FB070098783C7AA1C091836501B3D68EBFBC4C
  ┃       69539A6B13C2FC05B055CA15A8ADD53B394A8CAA6325B3F42DE6F6A8A46D45B6
  ┃       E09E5FD1B8712EA1D8383DD17297B49D2AA7D651D068ECB25F5606D64924A80E
  ┃       17542FDA45069F7153DD95330D42112355D53A5967A5F6A703E4B8B7916F870E
  ┃       662F9DE8474EA0397D7B847D047F0671B61290CC4775115919F070754BE98A4C
  ┃       82F9358005D809E97B85E5D849A21E7486702A2F8445AAEA46CF911E92DCD53C
  ┃       D23C648741B74A86C3794BFBCAD02D35900ECD7DEE8A4FBD8A47D9C75D0B1B14
  ┃       6F1B6DCE9546E347A0AB890B48574D6BDF9E1580A99B52B704A0D5076425A0A3
  ┃       F8A2A2110117E01D0F4BB4FE50DB7A4D19E6E9FC587D00AE0C5276724274FD67
  ┃       ADFB193AA8094EDE13CAFD405C79692E95BC0A811A2D11B52C722314AEE5958C
  ┃       AC5F0EAB76704EAB37D954BD8C47E8D1E377BFE7A81CA1120055465F1CF48DF6
  ┃       1EF36F57F7A1F16D64F50E24E277C0B7B3BF13AF7560B5FC40063157283D68EF
  ┃       F93283FC5BDBBEEEDF176C4F882A4B0688111F691098E5F9545C6327241729AE
  ┃       6678F9569D162EC1A21FEBFF414AAE9F9F47E6F7AAD76A1E4FB2E6D63156E70E
  ┃       E911D5FF6398A50C11F2C1F4288E62B8CC700A796A93FCE71075FCFB86EC7589
  ┃       BF181F2CA1211302FB6A956AB0DEF6CC1F91FBF4F44C35A5C9ABC97CD77E6009
  ┃       F82637D2AC85D906CB28FEF4AA69E25186B982CC512446B286F28DFCFFE3684F
  ┃       6CB58A48709EDCAB2529FF404AE7550715C7D67EC65A03D118F817FA673BDA77
  ┃       54797A3F67733704969AD541565C15E9C741B81F96E2FFE042249C67EE1A1F7E
  ┃       3236B835B81CFB03CF8BCFB20B13B23A4BEC629590C24990C31CA76AD9116D1A
  ┃       EB0CDA93002DEF27C5685933712BA413AA7053491EF0BEBC7301213D430A67CC
  ┃       29634477DFB720A07862C6B950C62E3C9367A6ACACCC7E617D2876F29452C8A3
  ┃       55C0D78EA16F57FA521B399E65763A21DC0CF78D16020715CC589830E8DA1E8E
  ┃       ⦊,
  ┃     kn3⦉1137⦊⦉G^0*
  ┃       8360E993D20C5D81617B843AB6EA4E62891B6B1030CAF6AE776E570166469913
  ┃       4D7ACB896120729C5F48048250BCAC36A9FDAC51DC7D72F095299721A360A432
  ┃       1F1CE077129DB5D6E0AA550B7DD1A693812195DF82DE8A64D89DC3B909B7892E
  ┃       6B5BEC46069A537A25218E951708F1704D50C0CADB17EF3D6B8F928279759259
  ┃       15DB9AFDD677E5613B0A09E8BE7A1E26A98C7E4A24DCACC7387511BE329880A5
  ┃       4801F45DF51810A8227EBD5089495757CDE4E7E33BBEA4C7AF154F926FBA2FC4
  ┃       6E672E94E49D966C1441ABA28F54F0411ED397B2D71498C9B2929C341B7631B5
  ┃       F27EDED9A0A613A93A9B2DA54949D5FC24837A6D026CCB4A085D2ADD1C726315
  ┃       3793B1766F9BD6A7162F181FC332439CADA6B87A6FD143BBB226681F649F1A5E
  ┃       A48C31AFFB050F9479532008278C669FAC390BBE1699BC117F29078C8304FB23
  ┃       1CA2352B932D26D2B806219725EAD8CB42AB120DEADE34185B0CAA2067E8A6F6
  ┃       8FC4F8A655E4D941628D12AF630980E19D31DCD7CC86A947F1A2BD8858B42FFD
  ┃       4EBC31311E56062C7EA461AEF5FE34C684116311CD24C9D94D620DA8BD96F1FC
  ┃       5E5B9B59686F549769767941301B0DF2AE139DEB416D38BA596DC948C7D3CCCD
  ┃       E26AD1837F43B0BCFDBFBCDA463A39BA2AE0A50D6A184458D368158456A3E22E
  ┃       ED2391117DBFBDA40C6323AB2AEEE663898B3609C10B2132D77E79DA55FDC63B
  ┃       012FF9D2EBB58512B025B635AC0E5804D46A3628399735145DBE0B5BADA858B1
  ┃       50CB90804787D5D6B37D8BE751636AF22359A9D37DA3BA358090AA3AA7A0E90A
  ┃       85E000D0760F9C854D8C7C31446EFD103141ACCC11FA462079BC14A25E6D1001
  ┃       19575C6BA3430EBA057B838E76707F22C16CFA051EDD9A4CDC88A99C6B7B15D8
  ┃       01F662B6917D98256198AB784DF98AF29890119B6A07DC4BFCC434D43E1FAE44
  ┃       69CA78C214D2931CEC539B3754C938C3B8D3B602CC5EC917DCF22D0D9BEA49DE
  ┃       159C12E1664F0A2704D9915F81A8E35EBF73D604225E9FE948C25120CA784B90
  ┃       6EEF5D560837662AA992FE387A6F8DD51954F626907E6FB38D385CE8724FC075
  ┃       3C527FB7AEDE227E77036D57D288727161E853E14B34789DF5B99D317439CB83
  ┃       3E0BDC32E32CE57DDF09E020FFECF5EF42E474169F95C5565EFD87C7DEFE613D
  ┃       39A47FB94823C1A53FDCE2C56DF42C9962F923C15F179152DAC699CF5955D586
  ┃       F323DD0FF7418C3B9F4ECCE583B3ECFA927FE83352D20CE7B7FF357479A38780
  ┃       9EA24F3D7C2BCAB98F46A8EE1D76F3E80156A48193F3B44BC6D2869210CD5C91
  ┃       E0D622CF743A0CE6419EAF4B32C09B73D825D3FEC49DF7784741122C47E34F1F
  ┃       052D46FE9AB10579093D3BD4A6E6945648257BD20377DFD9B03394DBA334E0E7
  ┃       582CDBCDB40D0CC83302E6BF66755F440DFED2ED982E2E4E3060D19939754730
  ┃       77BEA7C28801C16751106363871F26728A04ADFD30756FD343AB87BF7B9B43F5
  ┃       240C94DE0F44D67AB54AC7E62065D5BE6A168B7DDAC5BCE52A01E56963A96827
  ┃       0E209321C96735753AA7DAB49E4811CC63A345D3D0F93B89E6E68D8F1F9D64B4
  ┃       153F9B2F89C28C5183E64674E55894CF2D07
  ┃       ⦊,
  ┃     kl3⦉524159⦊⦉G^0*
  ┃       4779408CC9AC4A079C43A9B1CA9C06351ECC9CF669EED3FA49300EE7125F1E73
  ┃       0B9FB1CEDDA7978ECE1420072C4B56C37A38C52C8B0DBD8A769AB499816CC865
  ┃       7546A0B2024DA5BE0DA87B425F766F5D68726ED3FA43281FAAB12D7CBB628F35
  ┃       526C6D22685450CEB8E09F1EC87E4D80879F5BBDF945578D0112EF0FA164E03B
  ┃       D68F458C8FF9F5C82541311D07B6D3DB5DD2811F1F2D7674FC44D3E2D4A8641B
  ┃       5ADFD22F3F11D67CFB49ACF204B82BA129A3BDE232460FDBD3719C4D20FEF9A7
  ┃       755ACA66CC520F725D6E131FD9D995D921A06D0A1014774B3714B4B393D6217F
  ┃       92BE1FA99FB2BAB7C6CF8B42954FAAC8AA10053121C16928C4200B04C5D7E52A
  ┃       2FE3947A01D39D8474F47B0031AB735E49ACB70176A56B1019F3E5139870A321
  ┃       3BD5AE2971EB1C2405468A78D73C7B18B6CF56EB5DEF38947ADDE08F7229E3B8
  ┃       B0B2324478E8EE64890133DC970D876B36EA881A0CB2D2DD4040A9ECED8C3C2F
  ┃       0878FFC87E92E91687895F9ADBC3A9C94A26B4715916015FA7F319F9331B5957
  ┃       7BA1B378BA1851A9AE8A200554BB9F26A059F68157E1DFE7905ECBFB3D78C574
  ┃       32707A45B3A661D41EB6A5752795CA13BD945A7EB491B6FE7CFE360439997ACB
  ┃       97417689686084524D5ED9A5A2E3707770A8EE84118223EF896B0A75AB10EA21
  ┃       AC20CD412BA0D8D3DCCC7F7D8F6994E20765F42743F74677A8A0128889493CBF
  ┃       52F83AC3B84CD5C8E26573770F24292DB67C8A15009819C2B4CCC868DE6EB06C
  ┃       F4231D28AF9C66698699EE3B0272B66D9FCD7924C6689C1658F1363181DF6E61
  ┃       5A856AE6C558DE8217A33D2C2A749F2BF284F9E4886DFEC5F997B9D433242CC6
  ┃       864986EFBCF2BB1AA5E0E55CBE5D7B3400EB84F9A112409CD83759E8F2977314
  ┃       4EEA107694F0B4E7B731AFF1A5878EC345FC90E99B4B612493973172B9408674
  ┃       998022994F1221F0E87EA0404F5799EDED3DF4E9478182166722216737AD7A89
  ┃       734725171CE7F8030D9160D6F7A444BE3159FB6510629A1E1CD73EF7536E4C2C
  ┃       F62F065EDD1622FD7805584F7AA18BABF9C82F85CA3057D050627ECB82FD5DDE
  ┃       C90F080FD7CD4D5021B80CD62E719C92A72F2BFF6ABCB98D0AFA47982DF509F6
  ┃       A0273B02858042FD7291DC6D3B08BBBB100FE01F729733456C9FC9AACE0B2A22
  ┃       59639667CFB12E302A9B6B9806AC606DBB1CF582614653D90BBE85D0CF30CC40
  ┃       3C2B38186D13805674DAF034DED69F0AE8D0A1A79383A84EE97E7DDD49314955
  ┃       8CB06FB4F9720586FA1925A6E092444E50F0C5031AFDD5E61138653EAB22BAB8
  ┃       935ABD2531A1A325913208AB92FCFCEF1DEF03B1CB9C9182AF89245AB4E559E7
  ┃       505B82B5D239D3F5A79486C5585FE8994C562652047D423A7E58631A2BA4887F
  ┃       5C7FDF1C3E7478BEAF0BD665A26D132148FF469C79579E4957088A90783154ED
  ┃       ... 522112 bytes omitted ...
  ┃       A3EDEC786EE1DAC9CABDC769B74C4092C913566F9868E5AEEA453D4917B6F019
  ┃       B7B32610396AFF812B7DC422DCCE28E9FA22894CC0C90E2277B023790FDEBDDC
  ┃       7983B51D15EBFE26E4D4FEE629C9B3FAC78CE22C0093AE65EB60F6D4E216E1AC
  ┃       4361694340334206F1C742AC70C763E200AD49D6724CCC85A34CB490F077ACCE
  ┃       B37E979FCC0B4DFA45372A44F31246182E48205B4BCBC055C6B6CE7E7EA0DAD0
  ┃       089D19BDC4E0F2B7D066CF99E214B1CD11854BCC9CE0C34B4C0CE40EBE86F062
  ┃       7142CC91B8E8FAA398941863F60FBBB7937B39D9D752F06F2CC4B9960D34EAE0
  ┃       847B63B9BECF37FD4D6F5E35E321A6CBD09E6D99737C40838BA0851CAECF9D45
  ┃       FE00A65674ABEA7952A04594D08D9FA76F5B7DE688FCA2D8591E3D8D792F95ED
  ┃       492131CCFDAFE58E87F6270C1A2C19CA4A4E3F4AD8A7C6228C7CD6488ED7C03E
  ┃       E68B2802578964065B4A9D4102F806B748956F4B04069C55580221A8DBA39861
  ┃       D1BB402515EEB497DE60826F4FDB0F043C40CBC4B555A967770C165B068A71EA
  ┃       D5DF6F884CF0BE884AD5A5883E189B15118AF94F5735597309C161A3FE9B5E92
  ┃       A88507528E7050E7BB81FB7B1A26281D7A01850F3911808A7FF03D4234126C28
  ┃       21DACDA75BE904006852F6EBBF30673F6DEA67B24BEB8239318FEF5C17B559D4
  ┃       800CCA108C9865B93051DD385F6D0B7FA210E59C9CC1B62198E9C2712A5AF253
  ┃       21A2954141C174A0FB8BA71EE42BFD0D42574E1B29DC381E35F7FC73BE7C6FCD
  ┃       A9424DFF6E26E4D4BBA4A4F40B60C8C193C8D475604EB3026F24E39DF03897F9
  ┃       4EC3445B920F39C29242FB796B48803F6108671ECDF11DDB904A88A7541DF08D
  ┃       07870B2A57BAA46EF7922E781EBE1B3F0ECA4C38806898CD4869A0DA242F1694
  ┃       ACA3A3148D40C8207781ACA58F08AE8311AB9C0463C9967AD6D5FE4C32CD7D2E
  ┃       D94B1FD8F763291585185469018244FDD738A0B9602B08A6736EFAE6F693C8F0
  ┃       C502101AAEBCE1D585900BCBC671DD1199FCE1FFD1E1FF6B717DC6DE26E57877
  ┃       92A56606A761E3A814EF606A459308F49228B09DB66783C6D8BCE5CA9F718BA9
  ┃       B0413ACE911531A38F57BE4B71F587991AC5237600A11B70F513CE10B1BCDCF1
  ┃       EE14F43D65E2BCCDF8EC10AB9CB99E11635D0B249EAD7AD89B4120A29C5DFEDA
  ┃       FCABC440362450E1D57A70216965163D68E726BF7C61ABCD3C5A434E85249131
  ┃       A417AA37810185C1F438786E18D8F7E420786C7201DE5E6A374B49A6C87C51C2
  ┃       8813CCA3903EDA49D9B0DC64077214CF910841151626B34FA78013F1459DAD37
  ┃       E22EE7216C33DC5680A9C5047747FEBB0D9AD7E68A2C28086BAE3DDFDEA1D43F
  ┃       FC874B606BF34A43CD18E13B7B0F9C2BC705D8DDB4CDB759318C5A0E48BBA8ED
  ┃       A29ED126A2A4700FF891A93E3D3BDFF09A6C6026176E23318C9168B553E99037
  ┃       ⦊,
  ┃     kh3⦉7244⦊⦉G^0*
  ┃       9C600160E75BDE547729F59624F636698655915C0AB8A6E35B465784E1329179
  ┃       4CF5C50EB83013F1A75CD058B557A3D64BAE125A4DA00502F556DA686EF72620
  ┃       B0D66D0D818BFD14ED849355330B59137C081DD18BFD71D5DDA721B3EFB0C082
  ┃       412D29C12B8E93AF038FE25E079426987E36FB346CF2557679BD5B1D19BB49C5
  ┃       C6BBA642FBC65DDFE2F8FEF565EDE40CCA6CA1CA0C42E1E43C365F1D5527657F
  ┃       B7FD7F8CADAD82203E7791EECADE905D31B46523B79E3EDF0B59B3FE6EDD2978
  ┃       E5A8F617DF66D04BF4A970BD6A7480F46AE8A37ACE2DF92287068DD45C80C4F2
  ┃       DD50C4D1B1706D0C34F462BD0D1E4633C99899E250D2FBCE902D9B1FA386CDBF
  ┃       E5CB3419DE0E033EDEFB1E7B844AF545429907DAB2319CF8BEE987794C0E7146
  ┃       9D67B9486C6F6A4C7B5BB9DDB5B7195772285F83DCFAEBCF005FB4F495ACDD67
  ┃       CFA4650DF4B3CBF78E2247AD8E831707761D5E8F0E6D4D76BE1959A52AD6E013
  ┃       A981616EF6B1C2D1D0A8CCA02150BBDCB3145DA1F1767FDC3202C5A5428D90CA
  ┃       3D697E99EF851F208D91268DBE1EA5C4DD757A5A83D2E5724256FBB38E053594
  ┃       0C18E6F730DF22D0E0F88EFF0BD21DA61CDB87824F16CEABBAEA19BC8B8D98AF
  ┃       84F7702BC81F4691C9876EFCFCB6E5478F6515A0E74C4200B7CF2D8A68CCBFE1
  ┃       CDA4281ACF829EDF840ECE439A8680F59A41F34E3F6BA2616B842908AC8C2FF3
  ┃       2197D8A35D21656979C5941237E47B984CF6F8E3BBDB15564064F58D5D6D30EE
  ┃       54E31EE57E2A6F02D6267BAB2EC7D6B174A2792C9B99BB7756BCAEFB1D338D63
  ┃       899A876EBC61D1602DC3850D5A0F7BDA492C1211AF81DE5DB6EAC75CCDD364E7
  ┃       3C27ABB9D0A9967B79C4CB9958D41072672A89D2A196CDC5F0ED2DC12BD3AF0C
  ┃       5BBC14A402B8F63F6FA103D88BD2AC60B44B5357BF64492392792D847F4B7243
  ┃       C1280F2446EB70222B374F05EBC417E4A16A580FA2AB0C148E404F096D0BC717
  ┃       11AD061F8EAB32AF2A3F0411FE6FF432301A5C17BCE364BF6DB61C6FE8D4D86C
  ┃       EB00203DFD532265B6344C608A90F20BF6497F5D9A84C905D9BA7812DA4D7145
  ┃       30BD16C1C27F8801DFA4B8168E1D755C887693D125C0EBF01F78B59459791030
  ┃       6D46F17A45B6662548A83C843DD5BDCBDDE4945C6EE3AD3FFEC57CA98D6F2689
  ┃       91F2D6F08F16F21947ADDBEBCF77B4D8D94DAF02FF59E8FCA35A956933FA8C3C
  ┃       E5423057AD1E51AC2BFBA243B244FC2793376D242FC827A89863B2F5303B7294
  ┃       E82100C6199A7119E3AC0F3664891D8441E8B5F1DC2D2C2F3509F8744E2F24DF
  ┃       10FCCE05B1FA055C5B4E8FF6CEE370B01465A6F4F19FD4581559550A85F5A7B4
  ┃       1888F53D48A78180C633E14B4672AEECD1ED1B392BEF2C82EB5AB32AB960CC4F
  ┃       E99EF11FEF34437F5AD326401A0BFF55BB016A153D71A523FAAB6E91003DEE0C
  ┃       ... 5197 bytes omitted ...
  ┃       E34BDAD4B4D280625EFB2DFAA4B9FC8A13AD70A329DE5BDB21EDC50BC10CFE07
  ┃       85A9AE8EBACC48BF53DEE0B823E06AC0F8BB89339AB742E9E4B4E046096F4EA8
  ┃       316916B349D68B410D98B45A51A83C37E8FDBE618577699EDBE9619C22B77A87
  ┃       AA2FC75C085096DD03901B1938BE6B1EDCF5738EB9C323EB69209B16FD892B41
  ┃       DA671C6AECAC9588A8103BB665F730F8F2E6EDCFC9A2C60949D85618B646DF55
  ┃       6925BD230D402FCD0C551AA9021344F4AEBF546E202D4C4AFBBE057951CDBAD2
  ┃       249794C1790874ED801859F05693D6CFF4E7E8094246F7742FA5ED9A71DCDA6F
  ┃       3D512391230DAA7244A583C7046541178646BB603DEE8C02916F06F8C45FEE76
  ┃       4926A0CFF77C1682761B463D6B5F2912E7A5BD89A285D4091F54DE7E3B0DF5A0
  ┃       7CF1C338762632DFB74722CAD423C1BB2BACFD586C63476408FD54C48BE0F1D3
  ┃       93E4EF702786DB1F44AC38BD0C893E09F6821898DED83AB6F2BC912A4668530B
  ┃       5666F9E90CC8217A5CEDDE125D058A3FB9023D3E03D275D7417893FE07268552
  ┃       A187932CED566AF0C9E505A29BF6CFA1A3FB1465D8AB36A56F3C8965C8EBB9E1
  ┃       0CCF71C541762859FE3B23C3AFA54C2172FCB0EBE10203D5780348CC62035DD1
  ┃       F8EF6AA195114A0497B34691E9EF0A1A74A2C57AFF50025374ECD3D05D44F4C4
  ┃       42A2641C46EE62C6B4A752E832394FF2EFBE7440E87AF90328B58224A65805AD
  ┃       6143BF84862FE40C9CEC906E8A762DEDC8CEC68304F359E11669C18CD6C03FB4
  ┃       F7A4FFC3EC032AE7EF8DCE51504C2A741ECEDA50EC92C99620249DC9AB1041BB
  ┃       A5F6281FD5BEB4F599EE264CFFE5571E4A77D491BD7FA58F73A914CA08FFD03E
  ┃       5052F2726D49D7A5A20F7169DA017EC9DAAB944F93BA37FBEF4DC8175EA7BAF0
  ┃       464DBE8822FB2F5F3C6ECA7FCC35263DD69D86BE3B70D7CEFFB50922CAA174A7
  ┃       82CA828CC1DBFD2A441892C77DE93163D95F82E0027B400C885BC4D693BD49E5
  ┃       9F3C5996C6D031B82263B2A42BE5566DBFCA53892AD09B311F8A8FA827732435
  ┃       9ED23F8F0D93E04683AD060F11E8D9AEA06680DDFB1809263B547673330D5CBA
  ┃       0D26B00C0EC5B7E40F44BE92A0A137458ED02ECAB828E2E46413E3E39CFBE043
  ┃       23E4E77C549604B0FD50EF109907DE925DFB9CFB827148E6093276D494FBAE88
  ┃       B519B1452E89D011FC3D8D8BCA98893053986412E642CDB13D8A5DCF87A6F8F1
  ┃       E0A687B2A92A1E0741D2199B1652175B313F0F6FFEA7DEA4756D5C345FD31529
  ┃       EBBD57A8DE36A51D39DD7D64C757C71C7853FEB0B65AD802E03A1A2B576A634D
  ┃       03EEAE462E228DD9C139772BEBCD1E4077AF0F69902F811E8E53DB53ED69941F
  ┃       F4BAC10DC5FB7E893CB8C1DFC6163F8EE7B3F0550A5270315B5C4C6148F923C3
  ┃       0E8BF2833D93A0A32FBD60905E58D4A1EC058452AE3391D0A8978A029904FF00
  ┃       ⦊
  ┃    )
  ╰─ (d3⦉7⦊secrets : vx3⦉31⦊0x86A25D58C0D5B5AA3D54FFD66B4985381279C038D6E2AF979EAAEB72E5C113A6,
        vp3⦉47⦊0x
                  CFB1D696EB1A2F56B168B92AD5B55D61CE469977323764144ABE54BC583637CA
                  80815CA76F1A7DA6448875AF720F22F8,
        vk3⦉31⦊0x12E5E6FD275D207DA84330D5C4B6F6C2118F8A102356A3D0FA810E72F8591820,
        vp3⦉31⦊0xB6B23BDDB7B3B14B6CDA100CE0309888E6E61C29393782BA9CED6B8145BD4C84,
        vf3⦉31295⦊0x
                  0C949E7EA4FDA88213665F6A9FE23D63B60B0AB0E2B0FB34BA51B52D58E39269
                  7318A0A52AFDB10CBF2E8F0D4BCA318A56C2C302AC6B63EB3960641BA9973A00
                  2F595CAC859CE06C9CEFF2636D521941F081EB291999A587C6C35390505AE5E3
                  9724214779DBB66D33A98DF6287F7711B12625CA6BE52DB814E366EC980A682C
                  B074FEBABB26C0229E437BE28507AAE7063B7293C20605A442AE8E5BE7D6AA46
                  0887A666EC845DF1FC3006AFCB2A960F29920668762FB62CE87B0EF641AFB004
                  624FAAF948045776C09914AE5EF89101CAE36D5DFF48255BD61B042E844C875B
                  7B601FB07A9B289AA936DD9E373699EE5170E7CD5C5C581E8BE4EF75CB120A02
                  A64B48F9C63D5088A8F3D03F4334427BF4715D3576407B5FAC66DB34C2131BD5
                  A7F352D711B229D22A2C4EFFEE2AB4031EEDAA7102EFC36B06492561995330A4
                  C301F3A33B60ECF0E95448F9E91730C5B0C42E3DACDBD174FB9DB6E6EFE3B058
                  DF6169D6A15DBC522F009446DA959066694A1C4CCC0DBE75DBBF74B15EADFBDC
                  5E778FA7B05665A7AB4ED50BB9CE9D40AAECC65968A2AD5F525DFFE9E6567FFB
                  D535D68A62D94617D832C87E5D1B008728B5FC0916529C265A3B9AC72BB42BEC
                  0C1F9E7598E114AEF4F39F278DDCDF599A9F5A4C2AD80654947797E8E2347907
                  FDA179F77AD3E19E66D3AB629B1E852626C27F998C91D7B171A37D6EBF7BFFD7
                  7DBF6EBBDB4327C869C8AE9DDD1F09C473EA98A51B5FFA9F04C7E16AD3119F7B
                  4EC104327BE39DAA02650CF6462F51870C9DC7D08AA7B8BFCCC7413772B5308B
                  CC7429B1B1AC508BBA8F32E1F5D0DB285FCF5B2AF898EC143D92874E1C8733D5
                  A46589C704BB8F6646AD7A0834521674DFF47DF383EAB81DD14EC0A7038CE79F
                  9AADFBF002382BAD93898765854ACD698DCB4BCFF57119A08D2EAD204E22A2AA
                  6EE149C57CE37AD2CC19D26CEBDCF58A4893E226099E9108D6C0EB14373ADA3D
                  438981A421667ED635D43E093FE45D13DD96CEB4901BEF2DD0699C99B1C6C216
                  C253D7FE6D342FBF26E7C77659B65C6E459B417CF01B0C35420C1A15FE513C72
                  48C781452D818CD56B5B8806001937F4F2BA9123877C3059417AC0C540FD1D60
                  BA75C3D176163B0E109503784DCF6EE3A036C38E47A1BA3E6A91B38CED84676F
                  09F111A66D4C8560F2E0AB30D54F8F85831480B27431FDC16E399D267DD55F91
                  83F36FB4AF7142F81E58C498C90174732C730D69787475718B1468F4E164897C
                  9C51DF1A48580CDE2E57C7260A0E2124C1598C803CCEBEDC5AE1B71ACCA0E6DC
                  75F4F4E6FA47CB408581E64CBD5EAADAADBC40125A1CA711B551AE3B90E25D09
                  6EF253E2B1BC0638CD91F129EB3A73A020D678D9404E3841FCB50E7149935979
                  2982ACA43425D1108F2E4DDF58BFA9A5E8E871E2BF0A7E0756DBEF86E1401832
                  ... 29248 bytes omitted ...
                  04000500050007000200020000000400FFFF000004000300FEFF000001000400
                  0000FEFF0200FCFF0100000005000000030001000300FEFF0600FEFFFDFF0100
                  FDFF01000200FFFFFEFFFEFF02000300020002000300FFFF000002000000FDFF
                  FEFF01000100FEFFFDFFFEFFFFFF0200FEFF0300FFFFFCFF01000100FCFFFAFF
                  00000300FEFFFEFF0000030003000500FFFF0000FDFFFEFF0100FFFFFFFF0000
                  FFFF040000000300FFFFFDFFFDFFFCFFFEFF00000000FCFFFFFF010000000000
                  0200030000000000FCFFFEFF000000000100FCFFFFFF02000000FFFF0000FDFF
                  0200FFFF050000000000FDFF00000100FFFF04000100FFFFFEFFFFFF01000200
                  FFFFFDFFFDFF000000000200FFFF0000FEFF02000000FAFFFEFF0200FEFF0100
                  0500FFFFFEFF01000400FFFFFDFF0000FCFF05000100030001000200FDFF0500
                  FCFF0100FEFFFFFFFEFFFEFF0100FDFF00000200FFFF02000400010003000000
                  FFFFFDFF03000200FDFFFDFF0100FEFF00000000030002000100FDFF01000600
                  FDFF00000100FEFF01000000FEFF000000000100010000000700FFFF00000100
                  FFFF000000000000FFFF010002000400FDFFFFFFFFFFFEFFFEFF0300FEFFFDFF
                  00000000FFFF0000FFFFFEFF0000030004000000FFFF020002000100FDFF0100
                  00000000FFFF03000000FFFF0000010003000700000002000600FDFF0200FEFF
                  02000000FFFF0200FFFF020003000300FEFF040000000000030000000000FEFF
                  FEFF000000000000FFFF01000200FEFF0100FEFFFEFFFDFFFCFFFFFF0100FDFF
                  FDFF0000FEFF000000000300FAFF02000300030002000000FEFFFEFF0200FFFF
                  FFFFFDFF00000700FFFF000005000000FDFFFEFF0000FDFF020001000200FCFF
                  0100FEFFFFFFFEFF00000200FFFFFEFFFDFFFDFF00000200FEFFFFFFFCFFFFFF
                  000001000200FCFFFEFFFEFF0200030001000400010004000100FFFF0100FDFF
                  FDFF0000020006000300040002000300020000000100020002000100FDFFFEFF
                  0200FEFF02000100FEFF03000200FDFF0200FBFFFCFFFEFF03000000FEFF0500
                  0000FFFF010000000000010002000200040003000200FFFF0400FEFF03000200
                  00000200FFFF020000000100FDFFFBFF0300FEFFFDFFFEFF0100010000000100
                  0300FFFF0200FFFF00000000020001000200FEFF030002000100FCFFFFFF0200
                  FDFF000001000500FEFFFCFF0100FDFFFFFF0000FAFFFEFF010004000100FEFF
                  01000300FFFF0000FEFF0000FDFF0400FCFFFEFF000003000500FDFF01000100
                  0100020000000000FEFFFEFF030002000000FDFF000000000400030001000200
                  FCFFFEFFFFFF03000000020003000100FFFFFEFFFCFF02000100FEFF00000300
                  FFFF0000FEFFFBFFCC9005CFA1A72931F49EC7D4A699A77217F07BAC53E3F691,
        vn3⦉1449⦊0x
                  3B256503DB8544D710A3251B769BDDB70529AC29AE7244264F04282B52BECB7D
                  A2476E89F26B09EC021ABE6A5D21431B873FD6E792E3752F942B17EC6E6DE569
                  388CC7788F3620D802AA7435A95D30B6191220B1AA072C16BE91659B9A4BBF1B
                  39EA8133AB036E2845934F807E12A22A1D56A7C0C72308E37152C4010AD3EF13
                  AA060C1ADF11C117D9A15C41C966E243958BCE9B005E23A79C2E51E72D9B6F4C
                  590274C81127F27E5D437ECBD57E3864DA402B5535DD7AE58676191B08519A29
                  56990A441990F0DE1A804560A87DBC09D72D383B3F21276D81BEC052EDE82E94
                  B068C749C23958CDA8407D25BA19B13E95C9150BC870CA4D8952922D9AD0830B
                  9045EB0FAAE6437B9CA3CE95BE2E731A3E967E146B5EBDE329EA816E7EF5FFBC
                  C2639E89BAA29DFC4E3E763BBBBB9C0C047D06580E391AAB87D00857AAEB7178
                  723187DED0D0F51396D977FEA0B2614E4277FF18057302B4FC8D3C10BB632A28
                  5A4DD40CF13DF41CC460E0F8B4446CE20314D13BE27A3EED0EF6735BA5E3CF7A
                  CF23976954E996EBFC70C60746E26A5B236391DB26BB61A03F3E60432B27BF40
                  BCC025DB17DCF1B639924519035A21F0283AEC91649C5EED8685F1FB69E4E0C6
                  BF1C6F7C3670CFD0BBFFE03C83292445ECB99900A8449C22E6F4F390918FC7AD
                  8D6B081066CC917BE5CB8818ABD2D6B2E3749897CC4ED9F7245F0759E2DE5152
                  6C507ECE883C5EC30D4D79A41313F85046DD49D0E475C0391AEDE2386C829F0F
                  E28CFEF82839D876E8B40082CA3FEEDD169893D3986A0D27410D25C41AFFC2A6
                  615AA035B84D9E85A28F737CE5A921121456CAC65A378B28A756C5CC5EB695DC
                  79D55C8C1077947AD85FC2EEF9862916A904F2935DA886B3268BF00A045B9737
                  834FA6F5F625FA930AFDF464AB5A17176750095737136AA74DC454E5358F62C4
                  0083971A0EA49DE618AC4E19A9CED3F98ED3B07BC4A43485F08CD53A83463C8E
                  1950C57D85F293EFBFF7300B80D481DAEFEF616A6AB26E4EF7A104AC6CC04A72
                  9361049DC362CB2886B1ECD5DE8E35F848FC6EDC05A6CC23926698644CB7FD6F
                  41EA00097ED353C66F86EAE092AB353F45532E820CAE9E676CF7E7AA93D7D6F9
                  C352CF98682F65F1F7C504E9B9924923500D9B6D96DFC9378F98255A6ADD5119
                  FA2CEF698192E83A92B7BE5EA09466923C67FEAEAD79FB7B0DDC743D000132EF
                  3B9DF3D6102D5A40EF1D8C7A803C969AFD4DBC5DFE11F041DF111C067069C893
                  7B406E2EB8DD05D434793F821E1A2E3972CB3E288A58A869D97B93720C5260D6
                  36C09212EF38DD62045E0273BF113E3E923BC2BA3DB48DF692CD1097A14F3CAB
                  7248523CEF2B3AD8EB216B2409A37C15B83D9AB6333FC0D29119E3AC0EA0AE2E
                  BB754187C4DAFAFB0AE0F0E889704B60B4EC6D6BE602DD1CA085CC2F8486880A
                  B6B229453C829F3C18F6D7E358ED3E223C36A3BB7BA0A7573F952BAD3C84BB15
                  5A9040E0BF573D63BA4C8F3988E9B2EAC9296B2C03374E6C9F262B05F8433885
                  0B1EED1CAB385A0A92F0841876C21B3961365E5E686007ACB32BDA17AC33BC5A
                  F12684ED612EF4EFA4BD3813F6021D7ECAB8B50294C873931B7F472CA3BDB9F7
                  8736FBE010EBF1E4C4B1D4BF099AD8A57B49DF287954E08A695EDC72517A695B
                  41455CEAAA682E5A15218166A2EEDF661A34864FDF67B3E12640C93632EFF8EA
                  10101DA1ADB7EE67DE2804B5B7D20C7603B831A21F6FAB09EC18082E22A70487
                  1ED49F68B26D51F4A2B621F3A4479D51D2D903CD2A48AD01C6BF377A973F5258
                  42D6A7FA18D69D1622B00F3C5EE70233475A2D903252670EFD7025BD92B676D1
                  AD86D6B9F9DB8D4E2C83F8FC2FFC8D86216B496ED08DC9E8EBE1D281CA8AAA3C
                  1D32DBBF258D372C7C2801D89C0031F6CFDF7BB8CC104BF35AA08CD919F4B805
                  4F132E1F5F175C3E0CC7D43C54AEDF491B5CF0DCC7C78A1482FE8C13410CACC6
                  FE5CDCD368A64143090093223C58478B3DE4CF108AE3D3B7F3705DE5C2306E32
                  552BFD411F1B90C66E7F,
        vl3⦉13607⦊0x
                  2ECEEB40A38C083E3594737A214C8945AB9CC9E5576B209A06B9929E5441BEF3
                  FFFFFFFF0000000042015F162B199C1251006511BF01D103D71C3E1F5502B813
                  5C0CAC045C031B1E5B0A290C3D00BC17520DCD003513E0072C0D170C4008E817
                  80044F16511A271E8619871583110511E10D0604AF179513F30C15082104A306
                  251C350C8A1838189F0070157B18831A391950075B023F02611F041053072511
                  E81F970AAF18F212F607BF1F1004A502F4163E19DC1DCE1BE615B21931064007
                  9D19BB06DC10F104ED0B19097315E1192812B3115F078F0F061EAC00B615BE01
                  580072003A157115606611B3373DD4757E02DC9D836285A0647E3F78357744C3
                  24090D6921A5480EA946E57BBA769D5DD33B847B4C97CF78984A53360D6E8101
                  AC36FCC5350D0851F87D59B55CBF5FC2FCF660D74C9B8D3A570341610EAA6F00
                  B7B6F74CDFB97AF3DFE3C641AB238D3A34BD9C068D4B9CB2286795357939612F
                  C676F9428969DA5652EED2FCDD6C54E3D78F9ED06C3939D1ADE3DD28B6F30337
                  916DC25769F48A18618EB4E5951E7DEA84E3AAB549DCED15692FAC2EE4517986
                  AD651F80068C2F4DAA5C98B6CB875DE9042AB2F4214D06E54E84D4098462D8AB
                  574DBC7094A48327DF37EC5CF31EE3A78EEB05ED25E98058903E58CDD3AEA780
                  8F44AE9592541F9748D596A5E452B6D89B34195928DE82E2B5633A55B868686F
                  949BA73344492DCBF8D80BEF834F9A103F33BDF8E002266181FD77058407EE26
                  A7EFFD4353441E06835FB6180C688612AF9CB725E18AAF206DE388C1C72C8D57
                  3F0A43C94C616FB6D81B001319B307751069457C82B97E1A22719E000ABF2E0C
                  D6A62CBABD38D4B09B437ADF553BCCF407F88B189C5377C83393B19CA25CD955
                  E8F2D37D2DC3B5D2BB42B573159B0692DD0F7BAD135F8C759A166A5AFD0127F3
                  BD918F1DA5E42F56C235BDB2E5E0667D479D20FFBF4D7C642AB3DA2B155F4CF4
                  C9E2A4AE6811ABAAE6DB67F7369CD0B971776248B757BD82AC8DC58471F4741F
                  B37A4156BB3DFA2794E927B076E41AC019435CAF4F59B1673C38D5C226D66837
                  7DFDB607DD7A3E822DAF49A44964D680061C05165C401AD211D8EA0BD27A4236
                  8BCFC106839869ABF3E4A1C23BF66D793B767332B0C529E26BBD92B8C1ACDC1D
                  5BD5E79D8F47E5827A501E665E723C59514FEA8B540E2ED4EABF120C81220F10
                  589196E226E400C44C39ED3BC7B20480EE3C0D568D005BD4EB196FC3F54ECB71
                  C18D2D6186A4ACF2AD8A6141647DDC262F308975EF698FE32B8626BFC083E62C
                  DE349F98B7E1BAB9DA14D136168CE1F4F7E05648A6EE68B49B53361E550AB47B
                  E9B0688F607AA02426589EC2FD87F5D7F92FD1C6F455C6604E8C0EBE73974A97
                  BC0F7AEC4F63E0E5E92AD9A3FC66C7B7738932885136B1D8239AE39F2CCC6059
                  ... 11560 bytes omitted ...
                  97B8924A1AA4A90CF848E5A7C2AEA37A8D7E05748DD5FCA9306CF2317798AB4A
                  8CB09265D1F3DA0048F5D2778B50551D9FCC00BCA841C38B494B4CF04695B56A
                  95B9A8A078446836D0B203CA9E9E2FB3746959D91F51F7AC1A20BE0E4A22917A
                  F164BD410D84253C01FA085C1CBC56473B2B414056B313610670EA7B24C226D2
                  8C75BF61E2220DA5FB5CE862127C9B604FE5183363288D1F99EECE694563E6C9
                  EBC750A9AA1437BD2A6C3FDB5EDA2ED1F69A8B4ECB2EF2B2123B2DF41A5EA8E2
                  34AD5768B9C0AAEB94CE000BAFAD0ED39A850AD9965AECEF528F817461B10EBD
                  3B2B1D8CF46569C321E21C68B7233CF1334D1167BC0127F60AEF575017E26C86
                  7D89DEC9B079B44EAB08DA5E0D090D984A5ABE09A437738366804BCD0E9CDAEE
                  E53470C7B9C9C477C85D902E64789890025562A02E0B767DFC5DE1C6C2A13DF8
                  BFE262DB1F1F50B497AD8873DCF78D9AB848A83D545C7E63A443EC46419E4979
                  4593A214334A27A4126193D11A43D34858E093E4C245AD810C1EB75D361019AE
                  6EC50CB6958453C46911583E9A909F473313CF06C3D0116693F9D843848C79A5
                  38ACF0BE0C9FEE99221E644BC6D1A69765C0A8CCF4EB38817265F6FDD0F13FEF
                  FBE15CB3EEF1250CE2A208321D207D76B787191CEECA724F80B213BBCABC717E
                  E6144EE53479C9FDD05A59279DA23969C762507121C55695EBC252CD74F99FF0
                  A6715D998C2BE506BA7E858C5B3E8EF151F7339042F1D29575590DBDF3E34B40
                  678D2B08A40C0C32075E2A94E59AC70E96E6AA78CDD1BA292AE36FF2034654C5
                  DF2EC543E5B3D43160427B9659A616E9D19ED809B4189F93C434F8B2B61579F3
                  5965829B10D5F0108CB61F86EC7D701B6ED35AB9C229E07D563D489B63F1DCDA
                  9C404F118F9DABB723E657C21CBEF5B4C9CE8B700DD8471155CCAC004B223A11
                  C269F6EBE24CE0CD6DC02AF6261C766E558C2CDFD01474CD2096ADEB2083A8F0
                  64DC58FA6B61AC02EF541DD53C8AB6F14C38C1CECEDF4B8076F55E8A203B191C
                  95809DA31273BA8117C94C13954E207B26E2B202CCFFFCB43D0A1D577CB703A6
                  41694A0DEB14C5946D39A5285527AF448794825AB0C76B6583D719C85EA889F9
                  65E9F840367443E868E9FA9D20D111B0EC9123C9C8B2089FBBAD92B59F05D546
                  9EFFFEC31B8E0E58DB32FD5B1AFCE2601DAF47BE2177E2A78C2C8CE51CE6F965
                  BE8CF9A268372A53CAD6E5935C39EAF527D94F3A819E09109FFCA782C9EE2107
                  9C330701F44576DB4083769462D7DE8627570E4F569A01DF0B36E7E37E5BE148
                  AF4D6926C5BF08FB3C8C2730555B9A24C4DCFA526B143FF88C8C0DDC5ACF54DB
                  4BB9FE6610B1B5D0F9C9305A31492C7243DE0D9BFDF888D08B815215FEB68D9F
                  BC33857764C7493E6266BF5AE566DD987B5A55B06302C213E2E9EAC4AD676659,
        vh3⦉7316⦊0x
                  E1A1E6E2584D796CD02133A4909742505E67FDEBFB69452CD37C41A7C96AA63D
                  16044867BD50D64BEBF078BE5F6474AEBEA2253B47772A39ACAC54FEA93741F7
                  AD42015A678DFED29C600160E75BDE547729F59624F636698655915C0AB8A6E3
                  5B465784E13291794CF5C50EB83013F1A75CD058B557A3D64BAE125A4DA00502
                  F556DA686EF72620B0D66D0D818BFD14ED849355330B59137C081DD18BFD71D5
                  DDA721B3EFB0C082412D29C12B8E93AF038FE25E079426987E36FB346CF25576
                  79BD5B1D19BB49C5C6BBA642FBC65DDFE2F8FEF565EDE40CCA6CA1CA0C42E1E4
                  3C365F1D5527657FB7FD7F8CADAD82203E7791EECADE905D31B46523B79E3EDF
                  0B59B3FE6EDD2978E5A8F617DF66D04BF4A970BD6A7480F46AE8A37ACE2DF922
                  87068DD45C80C4F2DD50C4D1B1706D0C34F462BD0D1E4633C99899E250D2FBCE
                  902D9B1FA386CDBFE5CB3419DE0E033EDEFB1E7B844AF545429907DAB2319CF8
                  BEE987794C0E71469D67B9486C6F6A4C7B5BB9DDB5B7195772285F83DCFAEBCF
                  005FB4F495ACDD67CFA4650DF4B3CBF78E2247AD8E831707761D5E8F0E6D4D76
                  BE1959A52AD6E013A981616EF6B1C2D1D0A8CCA02150BBDCB3145DA1F1767FDC
                  3202C5A5428D90CA3D697E99EF851F208D91268DBE1EA5C4DD757A5A83D2E572
                  4256FBB38E0535940C18E6F730DF22D0E0F88EFF0BD21DA61CDB87824F16CEAB
                  BAEA19BC8B8D98AF84F7702BC81F4691C9876EFCFCB6E5478F6515A0E74C4200
                  B7CF2D8A68CCBFE1CDA4281ACF829EDF840ECE439A8680F59A41F34E3F6BA261
                  6B842908AC8C2FF32197D8A35D21656979C5941237E47B984CF6F8E3BBDB1556
                  4064F58D5D6D30EE54E31EE57E2A6F02D6267BAB2EC7D6B174A2792C9B99BB77
                  56BCAEFB1D338D63899A876EBC61D1602DC3850D5A0F7BDA492C1211AF81DE5D
                  B6EAC75CCDD364E73C27ABB9D0A9967B79C4CB9958D41072672A89D2A196CDC5
                  F0ED2DC12BD3AF0C5BBC14A402B8F63F6FA103D88BD2AC60B44B5357BF644923
                  92792D847F4B7243C1280F2446EB70222B374F05EBC417E4A16A580FA2AB0C14
                  8E404F096D0BC71711AD061F8EAB32AF2A3F0411FE6FF432301A5C17BCE364BF
                  6DB61C6FE8D4D86CEB00203DFD532265B6344C608A90F20BF6497F5D9A84C905
                  D9BA7812DA4D714530BD16C1C27F8801DFA4B8168E1D755C887693D125C0EBF0
                  1F78B594597910306D46F17A45B6662548A83C843DD5BDCBDDE4945C6EE3AD3F
                  FEC57CA98D6F268991F2D6F08F16F21947ADDBEBCF77B4D8D94DAF02FF59E8FC
                  A35A956933FA8C3CE5423057AD1E51AC2BFBA243B244FC2793376D242FC827A8
                  9863B2F5303B7294E82100C6199A7119E3AC0F3664891D8441E8B5F1DC2D2C2F
                  3509F8744E2F24DF10FCCE05B1FA055C5B4E8FF6CEE370B01465A6F4F19FD458
                  ... 5269 bytes omitted ...
                  E34BDAD4B4D280625EFB2DFAA4B9FC8A13AD70A329DE5BDB21EDC50BC10CFE07
                  85A9AE8EBACC48BF53DEE0B823E06AC0F8BB89339AB742E9E4B4E046096F4EA8
                  316916B349D68B410D98B45A51A83C37E8FDBE618577699EDBE9619C22B77A87
                  AA2FC75C085096DD03901B1938BE6B1EDCF5738EB9C323EB69209B16FD892B41
                  DA671C6AECAC9588A8103BB665F730F8F2E6EDCFC9A2C60949D85618B646DF55
                  6925BD230D402FCD0C551AA9021344F4AEBF546E202D4C4AFBBE057951CDBAD2
                  249794C1790874ED801859F05693D6CFF4E7E8094246F7742FA5ED9A71DCDA6F
                  3D512391230DAA7244A583C7046541178646BB603DEE8C02916F06F8C45FEE76
                  4926A0CFF77C1682761B463D6B5F2912E7A5BD89A285D4091F54DE7E3B0DF5A0
                  7CF1C338762632DFB74722CAD423C1BB2BACFD586C63476408FD54C48BE0F1D3
                  93E4EF702786DB1F44AC38BD0C893E09F6821898DED83AB6F2BC912A4668530B
                  5666F9E90CC8217A5CEDDE125D058A3FB9023D3E03D275D7417893FE07268552
                  A187932CED566AF0C9E505A29BF6CFA1A3FB1465D8AB36A56F3C8965C8EBB9E1
                  0CCF71C541762859FE3B23C3AFA54C2172FCB0EBE10203D5780348CC62035DD1
                  F8EF6AA195114A0497B34691E9EF0A1A74A2C57AFF50025374ECD3D05D44F4C4
                  42A2641C46EE62C6B4A752E832394FF2EFBE7440E87AF90328B58224A65805AD
                  6143BF84862FE40C9CEC906E8A762DEDC8CEC68304F359E11669C18CD6C03FB4
                  F7A4FFC3EC032AE7EF8DCE51504C2A741ECEDA50EC92C99620249DC9AB1041BB
                  A5F6281FD5BEB4F599EE264CFFE5571E4A77D491BD7FA58F73A914CA08FFD03E
                  5052F2726D49D7A5A20F7169DA017EC9DAAB944F93BA37FBEF4DC8175EA7BAF0
                  464DBE8822FB2F5F3C6ECA7FCC35263DD69D86BE3B70D7CEFFB50922CAA174A7
                  82CA828CC1DBFD2A441892C77DE93163D95F82E0027B400C885BC4D693BD49E5
                  9F3C5996C6D031B82263B2A42BE5566DBFCA53892AD09B311F8A8FA827732435
                  9ED23F8F0D93E04683AD060F11E8D9AEA06680DDFB1809263B547673330D5CBA
                  0D26B00C0EC5B7E40F44BE92A0A137458ED02ECAB828E2E46413E3E39CFBE043
                  23E4E77C549604B0FD50EF109907DE925DFB9CFB827148E6093276D494FBAE88
                  B519B1452E89D011FC3D8D8BCA98893053986412E642CDB13D8A5DCF87A6F8F1
                  E0A687B2A92A1E0741D2199B1652175B313F0F6FFEA7DEA4756D5C345FD31529
                  EBBD57A8DE36A51D39DD7D64C757C71C7853FEB0B65AD802E03A1A2B576A634D
                  03EEAE462E228DD9C139772BEBCD1E4077AF0F69902F811E8E53DB53ED69941F
                  F4BAC10DC5FB7E893CB8C1DFC6163F8EE7B3F0550A5270315B5C4C6148F923C3
                  0E8BF2833D93A0A32FBD60905E58D4A1EC058452AE3391D0A8978A029904FF00
       )
]

STORAGE: Loaded CLUTCH keypairs for zeno (~588KB)
UI: resumed to Ready from local session roots (tohu) — FGTW announce + presence run in background
Status: pinged 1 contact(s)
Network: Querying handle...
═══ VSF UDP TX 239.104.199.144:4384 (106 bytes) ═══
RÅ
< Versatile Storage Format
  z3⦉8⦊ version
  y3⦉8⦊ backward compat
  e6⦉2026-JUN-28 1:04:15.388 PM⦊
  b3⦉90⦊ Header size Bytes ✓
  l3⦉106⦊ File length Bytes ✓
  hp3⦉31⦊ BLAKE3 provenance hash (32 Bytes)
    83BE43659842361DBB7495DB627109CAC2068F69315EFCDDC24D816EC78B63D1
  n3⦉1⦊ labels
  (d3⦉7⦊pt_disc
    o3⦉90⦊
    b3⦉16⦊
    n3⦉1⦊
  )
>╮
 ╰[
  ╰─(d3⦉4⦊port : u4⦉4383⦊)
   ]

LAN: Multicast 106 bytes to 239.104.199.144:4384
═══ VSF UDP TX [ff02::68c7:9014]:4384 (106 bytes) ═══
RÅ
< Versatile Storage Format
  z3⦉8⦊ version
  y3⦉8⦊ backward compat
  e6⦉2026-JUN-28 1:04:15.388 PM⦊
  b3⦉90⦊ Header size Bytes ✓
  l3⦉106⦊ File length Bytes ✓
  hp3⦉31⦊ BLAKE3 provenance hash (32 Bytes)
    83BE43659842361DBB7495DB627109CAC2068F69315EFCDDC24D816EC78B63D1
  n3⦉1⦊ labels
  (d3⦉7⦊pt_disc
    o3⦉90⦊
    b3⦉16⦊
    n3⦉1⦊
  )
>╮
 ╰[
  ╰─(d3⦉4⦊port : u4⦉4383⦊)
   ]

LAN: Multicast 106 bytes to [ff02::68c7:9014]:4384
═══ VSF UDP TX 192.168.0.255:4384 (106 bytes) ═══
RÅ
< Versatile Storage Format
  z3⦉8⦊ version
  y3⦉8⦊ backward compat
  e6⦉2026-JUN-28 1:04:15.388 PM⦊
  b3⦉90⦊ Header size Bytes ✓
  l3⦉106⦊ File length Bytes ✓
  hp3⦉31⦊ BLAKE3 provenance hash (32 Bytes)
    83BE43659842361DBB7495DB627109CAC2068F69315EFCDDC24D816EC78B63D1
  n3⦉1⦊ labels
  (d3⦉7⦊pt_disc
    o3⦉90⦊
    b3⦉16⦊
    n3⦉1⦊
  )
>╮
 ╰[
  ╰─(d3⦉4⦊port : u4⦉4383⦊)
   ]

LAN: Broadcast 106 bytes to 192.168.0.255:4384 (from 192.168.0.153)
LAN: Multicast RX 106 bytes from 192.168.0.153:50929
LAN: Multicast RX 106 bytes from 192.168.0.153:57963
LAN: Multicast RX 106 bytes from 192.168.0.153:50929
Status: pinged 1 contact(s)
═══ VSF UDP TX 239.104.199.144:4384 (106 bytes) ═══
RÅ
< Versatile Storage Format
  z3⦉8⦊ version
  y3⦉8⦊ backward compat
  e6⦉2026-JUN-28 1:04:15.441 PM⦊
  b3⦉90⦊ Header size Bytes ✓
  l3⦉106⦊ File length Bytes ✓
  hp3⦉31⦊ BLAKE3 provenance hash (32 Bytes)
    83BE43659842361DBB7495DB627109CAC2068F69315EFCDDC24D816EC78B63D1
  n3⦉1⦊ labels
  (d3⦉7⦊pt_disc
    o3⦉90⦊
    b3⦉16⦊
    n3⦉1⦊
  )
>╮
 ╰[
  ╰─(d3⦉4⦊port : u4⦉4383⦊)
   ]

LAN: Multicast 106 bytes to 239.104.199.144:4384
═══ VSF UDP TX [ff02::68c7:9014]:4384 (106 bytes) ═══
RÅ
< Versatile Storage Format
  z3⦉8⦊ version
  y3⦉8⦊ backward compat
  e6⦉2026-JUN-28 1:04:15.441 PM⦊
  b3⦉90⦊ Header size Bytes ✓
  l3⦉106⦊ File length Bytes ✓
  hp3⦉31⦊ BLAKE3 provenance hash (32 Bytes)
    83BE43659842361DBB7495DB627109CAC2068F69315EFCDDC24D816EC78B63D1
  n3⦉1⦊ labels
  (d3⦉7⦊pt_disc
    o3⦉90⦊
    b3⦉16⦊
    n3⦉1⦊
  )
>╮
 ╰[
  ╰─(d3⦉4⦊port : u4⦉4383⦊)
   ]

LAN: Multicast 106 bytes to [ff02::68c7:9014]:4384
═══ VSF UDP TX 192.168.0.255:4384 (106 bytes) ═══
RÅ
< Versatile Storage Format
  z3⦉8⦊ version
  y3⦉8⦊ backward compat
  e6⦉2026-JUN-28 1:04:15.441 PM⦊
  b3⦉90⦊ Header size Bytes ✓
  l3⦉106⦊ File length Bytes ✓
  hp3⦉31⦊ BLAKE3 provenance hash (32 Bytes)
    83BE43659842361DBB7495DB627109CAC2068F69315EFCDDC24D816EC78B63D1
  n3⦉1⦊ labels
  (d3⦉7⦊pt_disc
    o3⦉90⦊
    b3⦉16⦊
    n3⦉1⦊
  )
>╮
 ╰[
  ╰─(d3⦉4⦊port : u4⦉4383⦊)
   ]

LAN: Broadcast 106 bytes to 192.168.0.255:4384 (from 192.168.0.153)
LAN: Multicast RX 106 bytes from 192.168.0.153:63585
LAN: Multicast RX 106 bytes from 192.168.0.153:64100
LAN: Multicast RX 106 bytes from 192.168.0.153:63585
Status: pinged 1 contact(s)
═══ VSF UDP TX 239.104.199.144:4384 (106 bytes) ═══
RÅ
< Versatile Storage Format
  z3⦉8⦊ version
  y3⦉8⦊ backward compat
  e6⦉2026-JUN-28 1:04:15.493 PM⦊
  b3⦉90⦊ Header size Bytes ✓
  l3⦉106⦊ File length Bytes ✓
  hp3⦉31⦊ BLAKE3 provenance hash (32 Bytes)
    83BE43659842361DBB7495DB627109CAC2068F69315EFCDDC24D816EC78B63D1
  n3⦉1⦊ labels
  (d3⦉7⦊pt_disc
    o3⦉90⦊
    b3⦉16⦊
    n3⦉1⦊
  )
>╮
 ╰[
  ╰─(d3⦉4⦊port : u4⦉4383⦊)
   ]

LAN: Multicast 106 bytes to 239.104.199.144:4384
═══ VSF UDP TX [ff02::68c7:9014]:4384 (106 bytes) ═══
RÅ
< Versatile Storage Format
  z3⦉8⦊ version
  y3⦉8⦊ backward compat
  e6⦉2026-JUN-28 1:04:15.493 PM⦊
  b3⦉90⦊ Header size Bytes ✓
  l3⦉106⦊ File length Bytes ✓
  hp3⦉31⦊ BLAKE3 provenance hash (32 Bytes)
    83BE43659842361DBB7495DB627109CAC2068F69315EFCDDC24D816EC78B63D1
  n3⦉1⦊ labels
  (d3⦉7⦊pt_disc
    o3⦉90⦊
    b3⦉16⦊
    n3⦉1⦊
  )
>╮
 ╰[
  ╰─(d3⦉4⦊port : u4⦉4383⦊)
   ]

LAN: Multicast 106 bytes to [ff02::68c7:9014]:4384
═══ VSF UDP TX 192.168.0.255:4384 (106 bytes) ═══
RÅ
< Versatile Storage Format
  z3⦉8⦊ version
  y3⦉8⦊ backward compat
  e6⦉2026-JUN-28 1:04:15.493 PM⦊
  b3⦉90⦊ Header size Bytes ✓
  l3⦉106⦊ File length Bytes ✓
  hp3⦉31⦊ BLAKE3 provenance hash (32 Bytes)
    83BE43659842361DBB7495DB627109CAC2068F69315EFCDDC24D816EC78B63D1
  n3⦉1⦊ labels
  (d3⦉7⦊pt_disc
    o3⦉90⦊
    b3⦉16⦊
    n3⦉1⦊
  )
>╮
 ╰[
  ╰─(d3⦉4⦊port : u4⦉4383⦊)
   ]

LAN: Broadcast 106 bytes to 192.168.0.255:4384 (from 192.168.0.153)
LAN: Multicast RX 106 bytes from 192.168.0.153:65380
LAN: Multicast RX 106 bytes from 192.168.0.153:63389
LAN: Multicast RX 106 bytes from 192.168.0.153:65380
═══ VSF FGTW RX challenge (170 bytes) ═══
RÅ
< Versatile Storage Format
  z3⦉8⦊ version
  y3⦉8⦊ backward compat
  e6⦉2026-JUN-28 1:04:15.519 PM⦊
  b3⦉170⦊ Header size Bytes ✓
  l3⦉170⦊ File length Bytes ✓
  hp3⦉31⦊ BLAKE3 provenance hash (32 Bytes)
    5959A36A5D3386341E37019E9FDDA258E05BD5A21BBD8F4CBE9F71C8E99A7C0F
  ke3⦉31⦊ Ed25519 signer pubkey (32 Bytes)
    6D9F6E73BFA483115863427CC7505DC48FA7016A60A6F40205CA950D9BF05888
  ge3⦉63⦊ Ed25519 signature (64 Bytes)
    01E8445B0B5DBAA2D9A921F19B140DD8FB85D04725687E4E84ED807E534E36E1
    789582A58A0686300EE23ADA95033C4150BE29898EDBF7BADA3EE1D9DB084504
  n3⦉0⦊ labels
>

═══ VSF FGTW TX announce (398 bytes) ═══
RÅ
< Versatile Storage Format
  z3⦉8⦊ version
  y3⦉8⦊ backward compat
  e6⦉2026-JUN-28 1:04:15.522 PM⦊
  b3⦉196⦊ Header size Bytes ✓
  l4⦉398⦊ File length Bytes ✓
  hp3⦉31⦊ BLAKE3 provenance hash (32 Bytes)
    FA79D405E58F262DAABAFC2697870A6DF0C8E07D0AEFDA58CACC8018F7668292
  ke3⦉31⦊ Ed25519 signer pubkey (32 Bytes)
    FE46A74B0E90D8AB0D92EF1A6C6FE717A034C76484FFDD646E36EA03AEAF27F7
  ge3⦉63⦊ Ed25519 signature (64 Bytes)
    3DD69A1671535AFE7A2F3FDCCBA4D1F394DD71DF6C3BD46768FE7396B6A69956
    AD93FE8C1F6EA3198F140590BAC14A73FD155E6CF7E3FC5C834074FE66D98006
  n3⦉1⦊ labels
  (d3⦉8⦊announce
    o3⦉196⦊
    b3⦉202⦊
    n3⦉1⦊
  )
>╮
 ╰[
  ╰─(d3⦉7⦊payload : ve3⦉181⦊0x
                  489A42ADEB4BF4E84CB0F1F772E2498442C88D87DB8BDEF3DEBDF790F4BD626F
                  27B2FD5BF35F185CA7BE420A25B2725F5EA912DC178DC2C31BAD1C905BCFF441
                  63D33371200469B4B2F2318543B7A55CEA939412152F5202658C1678E7F86DDE
                  3B1D75388FC452AF34ACC97DB2A2183BE4F09B01A36EC80975351D6828704DD7
                  E3D2CB2F10947E51C03C41D485AB7E4546D48B4FE0BCE997CD0575AB2DA801D2
                  1FCFB8B8AFBFBC9BAE473850A439A670D37C18AD4A02)
   ]

═══ VSF FGTW RX announce (455 bytes) ═══
RÅ
< Versatile Storage Format
  z3⦉8⦊ version
  y3⦉8⦊ backward compat
  e6⦉2026-JUN-28 1:04:15.703 PM⦊
  b3⦉100⦊ Header size Bytes ✓
  l4⦉455⦊ File length Bytes ✓
  hp3⦉31⦊ BLAKE3 provenance hash (32 Bytes)
    FFF56AF9DC2D490401D9EEC3741A3D5783F4775FB5E28EC9F68B64D7352DDCE5
  n3⦉1⦊ labels
  (d3⦉15⦊encrypted_peers
    o3⦉100⦊
    b4⦉355⦊
    n3⦉1⦊
  )
>╮
 ╰[
  ╰─(d3⦉4⦊data : ve3⦉337⦊0x
                  4708AB2D32CBCFAD303F4BF896DE2AA7FCBABA5548450695DA73A5E09B513E22
                  6A7E33BB285468B0884C5C231966A98B30CC1D4D15B83DF4124B5484B8F45DDF
                  C516FE88AECDE9744270CCD8A340FB89451E3C2F82713FC558EE527363E233C7
                  91FADC2849A3449BAE2B65E337A1C53617886B95B495E9AF4F724142F2DBAB27
                  558F116C3A977CF9B001932331EB867D8B2A5A7D5979C68FC3F2994766031DDB
                  1B97EC16475EEC06635BF96731A96A31CF26439498A7EA051EFDB18F7547DC3A
                  FE7C90EA51F6D84C29381BC0FF4A8A26E3132254B09BB731556D9A6C3609EFDB
                  D7EE3D3B59DCB6CE7BFB0632B32E24D2BD2E4A95DA645BBC3A863003735DFABF
                  10D4FEFC6714D10603B1DC4175A8542FF0F90571FE21A0E3605947159F210C9B
                  A4E093A6C0869FDE49EB6F6C36D7F87E69DF9A3D9A596A4F7811340A218BBC60
                  06F70789A6FC9290530E93D843CD3EB053ED)
   ]

═══ VSF FGTW Decrypted peers (278 bytes) ═══
[ 278 Bytes 2 fields
  ├─ (d3⦉4⦊peer : hP3⦉31⦊⦉G^0*
  ┃       7FF3835F4F5962574CC354CE8ECA04B5E49F195A0DA54E6A4CD0FDD782B559B5
  ┃       ⦊,
  ┃     ke3⦉31⦊⦉G^0*
  ┃       90E571BF906ABC29B271ECD8E11B1589DE39636E0D7E89E427A0D9D785CD28C8
  ┃       ⦊,
  ┃     t3⦉1⦊u3 3⦉16⦊ [38,0,16,15,176,122,109,178,198,136,27,231,23,228,178,113] 16 u8 tensor,
  ┃     u4⦉4383⦊,
  ┃     e6⦉2026-JUN-28 11:41:42.650 AM⦊,
  ┃     t3⦉1⦊u3 3⦉4⦊ [192,168,0,197] 4 u8 tensor
  ┃    )
  ╰─ (d3⦉4⦊peer : hP3⦉31⦊⦉G^0*
          83BE43659842361DBB7495DB627109CAC2068F69315EFCDDC24D816EC78B63D1
          ⦊,
        ke3⦉31⦊⦉G^0*
          FE46A74B0E90D8AB0D92EF1A6C6FE717A034C76484FFDD646E36EA03AEAF27F7
          ⦊,
        t3⦉1⦊u3 3⦉16⦊ [38,0,16,15,176,122,109,178,249,217,97,152,169,112,112,57] 16 u8 tensor,
        u4⦉4383⦊,
        e6⦉2026-JUN-28 11:40:59.150 AM⦊,
        t3⦉1⦊u3 3⦉4⦊ [192,168,0,153] 4 u8 tensor
       )
]
  ✓

FGTW: Received 2 peer(s)
Network: Added 1 peer(s) to store
Network: Handle registered to this device
Development: identity_seed = DiscomfortZoneUndoingTangibleEarnestInvitationDimensionalMayoChamomileAtomicAdoptionEasiestSoftwareFavoriteInvertedSecrecyLongerHumanitySpoonOwnerZirconFertility  handle_seed = DiscomfortZoneUndoingTangibleEarnestInvitationDimensionalMayoChamomileAtomicAdoptionEasiestSoftwareFavoriteInvertedSecrecyLongerHumanitySpoonOwnerZirconFertility  device_secret = ParkingCredentialsContaminationGalliumSeminarUpperLanternExoticBeneficialLegitimateTexturePulsarTomatoEventualOakDancingCalderaImpatientHorticultureConvincingTrackerPotted
Network: Loading contacts from disk...
═══ VSF Disk Read contacts/index (decrypted) (58 bytes) ═══
[
  ╰─ (d3⦉7⦊contact : hP3⦉31⦊⦉G^0*
          7FF3835F4F5962574CC354CE8ECA04B5E49F195A0DA54E6A4CD0FDD782B559B5
          ⦊,
        x3⦉4⦊"zeno"
       )
]

═══ VSF Disk Read contact/state (decrypted) (295 bytes) ═══
[
  ├─ (d3⦉12⦊clutch_state : u3⦉2⦊
  ┃    )
  ├─ (d3⦉11⦊trust_level : u3⦉0⦊
  ┃    )
  ├─ (d3⦉6⦊pubkey : ke3⦉31⦊⦉G^0*
  ┃       90E571BF906ABC29B271ECD8E11B1589DE39636E0D7E89E427A0D9D785CD28C8
  ┃       ⦊
  ┃    )
  ├─ (d3⦉5⦊added : e6⦉2026-JUN-28 11:44:35.608 AM⦊
  ┃    )
  ├─ (d3⦉2⦊id : hb3⦉31⦊⦉G^0*
  ┃       DD7F8D9F21BD991F1137D584D80347974667E2AEA5F7277F6C162932DB18D21A
  ┃       ⦊
  ┃    )
  ├─ (d3⦉2⦊ip : x3⦉27⦊"[::ffff:192.168.0.197]:4383"
  ┃    )
  ├─ (d3⦉13⦊friendship_id : hb3⦉31⦊⦉G^0*
  ┃       14557645308EC43B6C0C6C400E2474D1D78FF4F6C1AAA8E7EADE247D3753607A
  ┃       ⦊
  ┃    )
  ╰─ (d3⦉26⦊completed_their_hqc_prefix : hb3⦉7⦊⦉G^0*
          401976760E87B6CC
          ⦊
       )
]

STORAGE: Loaded 0 messages for zeno
Network: Loaded 1 contacts
Network: Loading friendship chains...
═══ VSF Disk Read friendship/chains (decrypted) (33167 bytes) ═══
[
  ├─ (d3⦉7⦊version : u3⦉5⦊
  ┃    )
  ├─ (d3⦉13⦊friendship_id : hb3⦉31⦊⦉G^0*
  ┃       14557645308EC43B6C0C6C400E2474D1D78FF4F6C1AAA8E7EADE247D3753607A
  ┃       ⦊
  ┃    )
  ├─ (d3⦉11⦊participant : hb3⦉31⦊⦉G^0*
  ┃       6EE82EC3EDFC39610DB872546962F8B7E782F6501DB56783BAAC99A6BDD4692D
  ┃       ⦊
  ┃    )
  ├─ (d3⦉5⦊chain : vC3⦉16383⦊0x
  ┃               0000000000000000000000000000000000000000000000000000000000000000
  ┃               0000000000000000000000000000000000000000000000000000000000000000
  ┃               0000000000000000000000000000000000000000000000000000000000000000
  ┃               0000000000000000000000000000000000000000000000000000000000000000
  ┃               0000000000000000000000000000000000000000000000000000000000000000
  ┃               0000000000000000000000000000000000000000000000000000000000000000
  ┃               0000000000000000000000000000000000000000000000000000000000000000
  ┃               0000000000000000000000000000000000000000000000000000000000000000
  ┃               0000000000000000000000000000000000000000000000000000000000000000
  ┃               0000000000000000000000000000000000000000000000000000000000000000
  ┃               0000000000000000000000000000000000000000000000000000000000000000
  ┃               0000000000000000000000000000000000000000000000000000000000000000
  ┃               0000000000000000000000000000000000000000000000000000000000000000
  ┃               0000000000000000000000000000000000000000000000000000000000000000
  ┃               0000000000000000000000000000000000000000000000000000000000000000
  ┃               0000000000000000000000000000000000000000000000000000000000000000
  ┃               0000000000000000000000000000000000000000000000000000000000000000
  ┃               0000000000000000000000000000000000000000000000000000000000000000
  ┃               0000000000000000000000000000000000000000000000000000000000000000
  ┃               0000000000000000000000000000000000000000000000000000000000000000
  ┃               0000000000000000000000000000000000000000000000000000000000000000
  ┃               0000000000000000000000000000000000000000000000000000000000000000
  ┃               0000000000000000000000000000000000000000000000000000000000000000
  ┃               0000000000000000000000000000000000000000000000000000000000000000
  ┃               0000000000000000000000000000000000000000000000000000000000000000
  ┃               0000000000000000000000000000000000000000000000000000000000000000
  ┃               0000000000000000000000000000000000000000000000000000000000000000
  ┃               0000000000000000000000000000000000000000000000000000000000000000
  ┃               0000000000000000000000000000000000000000000000000000000000000000
  ┃               0000000000000000000000000000000000000000000000000000000000000000
  ┃               0000000000000000000000000000000000000000000000000000000000000000
  ┃               0000000000000000000000000000000000000000000000000000000000000000
  ┃               ... 14336 bytes omitted ...
  ┃               68F7E3F34B8952F40625D0191BAEBFCE960E872CA1BF726B9EC6AB2F30BA6630
  ┃               6D8BCEE1E3C72C1B94C93C45E08850C7137948DF7A41A623F0CD85702C07338C
  ┃               E97A15EA051FF078EA95E160059D747753FA4A6C13FEE20D567B36EEA993C83D
  ┃               CE1E53DF745A826D324689A132B2CE7EB443C4C3E103010318C7AFD5CF2ABB80
  ┃               1F53FBF60AF266D13E59781F1D1EA63C7E9F7CDABBC69AD81119B276DBA20453
  ┃               2980BB105F4C5FAD3EE864B1DA5A0F7C6B91089C6C62782B51F8FBCA910140C3
  ┃               B33F97D606AD6DEDE03001FC2E849326C3D77FEE5E72BB81BA53608E9645E4A9
  ┃               B0F15A4BDFFD8638AB27AB1753C0B0144172F257E8CC2F683847C41B4EF7B7FC
  ┃               6DE9F433313363F6AE8B3FAC8AE2ED743923FD6901E5C068867FE7182CB79E39
  ┃               659BD67D078339500A12CBD380CADA7A0AFDD934CA18D614786F516D2DE2E14C
  ┃               194B864524CF02B3445A184B776B596A5DB0BF75C4DBE7997BBE12DDC1CD3D9D
  ┃               FFD97CACF901B606A3289DB81BF7B3F7926D25C4E858856E7EAEC38B25EFF432
  ┃               F90BA978B9A5D9E39059BD6C6B5D7481599FD9CE5F9DBF52A236D74BBE191F09
  ┃               2D8040F97C5EEEB13977582578A13FF63A7BD5832C5940C42EDEEC1F0AED2FEC
  ┃               CEC9A4696F8291E51D8F12E506E78A7667464BFAF5AF265FAE64EDFE3D9F8D25
  ┃               3D5D92CAD0F613DFCDBE9B3BA1E15F34953BCBE8DA1B9BF55E72525564D0C1DC
  ┃               017263530DD6E64F38FF310924112D3507179684DE5B5C3151D5C3F4DEA51AC7
  ┃               00141E15B91D7EB4DF6A8766392753566409706770A8C5F12F6A3F80443B9DDB
  ┃               AB94F57E08FED9BF940A682A4B60A706D07ECF226DA41A297026D86CE5D11D3D
  ┃               CE185B51D18D9979AC86901693881BA56EFA1D946A41E1F2BB861AE7ACE606A0
  ┃               379C54E278F7A587DDDD5889D0B94C5C938786B6C54D334E5B3CDDEB8341A10F
  ┃               AEB653AB9BD3C8BBFEEA7B17EF1EB9AEE7252225FBCD7BB8FFF50686D3ABC158
  ┃               7005610A7017ED98C21FED23EB21C826165B7F01338BCC2181D8C5593C1624ED
  ┃               8C8C1A18FE99F3699A02BA5BEC21ED4965D68E6481E30AB761B4F7A211E8C593
  ┃               1425748631114F4642739BF27E3627AE5B27FCE9C4E2D6F31B5B9B05012AA48C
  ┃               8972E68F1F083CBEDF9FE654BD267D03C6B154F7E28591BE62B0E51837EDD5A3
  ┃               5CC3FA087E660DFFB4B4CD1793723202844914123A0D1F8023D7A0230BC8D0D3
  ┃               15357C992DA483897E3A0E8891B9D6A9432847EF47039DBF23AF7049252A4EAC
  ┃               B72CDE51D800BAEFE17FEE1820999A4E4416E4763426AE33187A090D21BC39CE
  ┃               B5EB4763FA9458739F862104E3050EB2E5E81BA4C695676DFA0D615341D72391
  ┃               05B0B9161BEE4F5FB4582C1C6CACE157524094A485F0E247BC5E39441FADDE37
  ┃               346F99A8D8333DE834A70AC1CFEE9A39F0D5E88856EA55ED5A4648AA6484CB1A
  ┃    )
  ├─ (d3⦉11⦊participant : hb3⦉31⦊⦉G^0*
  ┃       D63676222EECC9FEF067B8B075AE8BF376A7160363E6F11B60ED67112777D2EB
  ┃       ⦊
  ┃    )
  ├─ (d3⦉5⦊chain : vC3⦉16383⦊0x
  ┃               0000000000000000000000000000000000000000000000000000000000000000
  ┃               0000000000000000000000000000000000000000000000000000000000000000
  ┃               0000000000000000000000000000000000000000000000000000000000000000
  ┃               0000000000000000000000000000000000000000000000000000000000000000
  ┃               0000000000000000000000000000000000000000000000000000000000000000
  ┃               0000000000000000000000000000000000000000000000000000000000000000
  ┃               0000000000000000000000000000000000000000000000000000000000000000
  ┃               0000000000000000000000000000000000000000000000000000000000000000
  ┃               0000000000000000000000000000000000000000000000000000000000000000
  ┃               0000000000000000000000000000000000000000000000000000000000000000
  ┃               0000000000000000000000000000000000000000000000000000000000000000
  ┃               0000000000000000000000000000000000000000000000000000000000000000
  ┃               0000000000000000000000000000000000000000000000000000000000000000
  ┃               0000000000000000000000000000000000000000000000000000000000000000
  ┃               0000000000000000000000000000000000000000000000000000000000000000
  ┃               0000000000000000000000000000000000000000000000000000000000000000
  ┃               0000000000000000000000000000000000000000000000000000000000000000
  ┃               0000000000000000000000000000000000000000000000000000000000000000
  ┃               0000000000000000000000000000000000000000000000000000000000000000
  ┃               0000000000000000000000000000000000000000000000000000000000000000
  ┃               0000000000000000000000000000000000000000000000000000000000000000
  ┃               0000000000000000000000000000000000000000000000000000000000000000
  ┃               0000000000000000000000000000000000000000000000000000000000000000
  ┃               0000000000000000000000000000000000000000000000000000000000000000
  ┃               0000000000000000000000000000000000000000000000000000000000000000
  ┃               0000000000000000000000000000000000000000000000000000000000000000
  ┃               0000000000000000000000000000000000000000000000000000000000000000
  ┃               0000000000000000000000000000000000000000000000000000000000000000
  ┃               0000000000000000000000000000000000000000000000000000000000000000
  ┃               0000000000000000000000000000000000000000000000000000000000000000
  ┃               0000000000000000000000000000000000000000000000000000000000000000
  ┃               0000000000000000000000000000000000000000000000000000000000000000
  ┃               ... 14336 bytes omitted ...
  ┃               7422B900D0BD74F378AEF47660517E1F3E46FE4BFBBB2D48E094F8B3E48B81B8
  ┃               1EEF419514930A78B7B22C94DE2C73A94F8A07A7E75585466735410801FE1162
  ┃               B3838499CEB399981108232D81101657B25054A54453E787BE8147EFC27D3137
  ┃               1268971FA687A14CE7180638BDCDD9D517A6759D63EA82E0A50F1F6064A71A30
  ┃               5B0BBFC2E3772D4099E6E2D0AF2D2D99A9D785EF164E2C963517243492947438
  ┃               428AC992D1BD3A3C00B196FAC7C74A08252598E3687CC57184F90E161DAE8F0B
  ┃               9D4FC7F07530B05B11354931E8CFE9160B1F44CEDA388B463BB2052074B922EC
  ┃               C86B8B828F6A5935AED1C21ABC2DC81DD5FBF6D9A1885D0FDE68E58B3354AC88
  ┃               D9EC776F6F68C46821B193093AD4E528D7AB3F3AD6BB1251374954B9A09C289F
  ┃               2B507B13709B26AADF1FB13AC86BC1545ED86FE4AB3B47F6CF945234F40AD20E
  ┃               A61C3EFF486489EE962B3ED0B5B1EA714BFE815D3EF4EF0446884DC32AC25F37
  ┃               AE123863E074E2BA745CB46A13E9818942CFFA8E5679A4FB74BB1C9831C7E341
  ┃               DEEA9C509B101A3270AEC7EB5BD6778B0E0CD270E49F41118927EA61384E4572
  ┃               A93C0510C125644D99D3B898C8FB79F2E4FABDDB19F35C55C73E3D162C53A5AE
  ┃               06BF01DDB98C698A63346620ADD33475F5B9B979AF27C21E0D5B99F388C43854
  ┃               F7976BFF7983561DE44BDC1047924BA3FB86270A022D0BD1A9C7AC1309D6F71A
  ┃               E1BABEE1B3290DC5B3DF8CACF5978ADB03FAE6DA3C9C40035F6B3E62A7FE8682
  ┃               9B30E4CB04CE3DC760B6BC477EE97C0851F8065EC1C81CD81D3A9D117E2985D3
  ┃               33BFC205E1DEA8A5D95E93B8EFC3BC70742343080579DDD84E18488CA1CD2076
  ┃               C0E5270FCF2AF0318EB490A88B7DD4F7DD2281DE0BF79D9F31982130CFD64064
  ┃               381A7385B44DF46077585A8148E193EDA93DA90110DACB01F8BA30C134047350
  ┃               EDCD52A4F5A4821845DB26E9A0AD5C0F099E07257001EB4E2CA0AFFFE5CB6524
  ┃               00852182C57BBF52B6FE4C9C02D228C09F521154F52678AC8C8896B23B248C27
  ┃               85D82BB7035AAED97DBE721F284104E9BA8EB6C09B79DE342D63B8651F21DDE4
  ┃               0A6D0F3DA01688BC80DB82DA8070EA68AA203CB5BFDD05633DCFC747A39EA8AF
  ┃               3D100CDC9081871908D7B02818E1AE6420EEF8EBCBDE3EA9EC4B4652D9599209
  ┃               07D1F28F4AA40E5B0C50009CBAE6037DCB6A8A97010900FC142420491D148470
  ┃               71B9217C0356DC79A7B3B6E43D869093FCC32D017B8E8FE7FDD5AFF57E0DC4E3
  ┃               1142BE9A24845FECBF197138BC7B7A37A6322AABDC6CAE502699762B9F44DF2A
  ┃               B2B59DEBD1152A8884C10D8D1BDC0ADF264953A016DE599626E4E41F50B309DB
  ┃               A8CCB9968D19A59FD8128DAF34ECE3DAE77D2167A2A33BBF4305964228F73EA0
  ┃               7EF9593B7F57F18D0C8E3D18CC9CB9D1160AE2434819B2D83BBE50562F6DC6A2
  ┃    )
  ├─ (d3⦉18⦊last_received_hash : hb3⦉0⦊⦉G^0*
  ┃       
  ┃       ⦊
  ┃    )
  ├─ (d3⦉18⦊last_received_hash : hb3⦉0⦊⦉G^0*
  ┃       
  ┃       ⦊
  ┃    )
  ├─ (d3⦉14⦊last_plaintext : x3⦉0⦊""
  ┃    )
  ├─ (d3⦉14⦊last_plaintext : x3⦉0⦊""
  ┃    )
  ├─ (d3⦉18⦊last_received_time : e6⦉1969-JUL-20 1:17:40.000 PM⦊
  ┃    )
  ╰─ (d3⦉18⦊last_received_time : e6⦉1969-JUL-20 1:17:40.000 PM⦊
       )
]

CONV_TOKEN: input_len=92, input_hash=b2d3f1e82adad78e, sorted_seeds=6ee82ec3edfc3961,d63676222eecc9fe
CONV_TOKEN: spaghettify_result=2b757ad17ed325a7
Network: Loaded 1 friendships
Network: Syncing with cloud...
FGTW: Downloaded blob (154 bytes)
Cloud: Downloaded contacts blob (154 bytes)
Cloud: Decoded 1 contacts
Cloud: Uploading 1 contacts (154 bytes encrypted)
Cloud: About to call put_blob_blocking...
Cloud: put_blob_blocking: creating HTTP client...
Cloud: put_blob_blocking: signing request...
Cloud: put_blob_blocking: sending blob_put VSF...
Cloud: put_blob_blocking: response status 200 OK
FGTW: Uploaded blob (154 bytes)
Network: Background loading complete
LAN: Multicast RX 106 bytes from 192.168.0.197:58477
Status: zeno is now ONLINE
attestation success: pubkey = BafflesShockOxideCompromiseScavengerMontageUrgentHonorPublicUnfoundedInterviewBustedParSeasonedOutlineClinicalCocoonBlazeDeterministicAccordanceSmallGrace
LAN: Multicast RX 106 bytes from 192.168.0.197:40022
UI: merged 1 friendship chain(s) from disk (total: 1)
UI: refreshed zeno addrs from FGTW — WAN [2600:100f:b07a:6db2:c688:1be7:17e4:b271]:4383 / LAN 192.168.0.197:4383
PERF: on_query_result took 66ms (UI thread)
LAN: Multicast RX 106 bytes from 192.168.0.197:40076
LAN: Multicast RX 106 bytes from 192.168.0.197:50358
Status: TIMEOUT (1/3) - 90e571bf906abc29 (waiting for more failures before offline)
Status: pinged 1 contact(s)
Status: TIMEOUT (2/3) - 90e571bf906abc29 (waiting for more failures before offline)
═══ VSF UDP TX 239.104.199.144:4384 (106 bytes) ═══
RÅ
< Versatile Storage Format
  z3⦉8⦊ version
  y3⦉8⦊ backward compat
  e6⦉2026-JUN-28 1:04:20.482 PM⦊
  b3⦉90⦊ Header size Bytes ✓
  l3⦉106⦊ File length Bytes ✓
  hp3⦉31⦊ BLAKE3 provenance hash (32 Bytes)
    83BE43659842361DBB7495DB627109CAC2068F69315EFCDDC24D816EC78B63D1
  n3⦉1⦊ labels
  (d3⦉7⦊pt_disc
    o3⦉90⦊
    b3⦉16⦊
    n3⦉1⦊
  )
>╮
 ╰[
  ╰─(d3⦉4⦊port : u4⦉4383⦊)
   ]

LAN: Multicast 106 bytes to 239.104.199.144:4384
═══ VSF UDP TX [ff02::68c7:9014]:4384 (106 bytes) ═══
RÅ
< Versatile Storage Format
  z3⦉8⦊ version
  y3⦉8⦊ backward compat
  e6⦉2026-JUN-28 1:04:20.482 PM⦊
  b3⦉90⦊ Header size Bytes ✓
  l3⦉106⦊ File length Bytes ✓
  hp3⦉31⦊ BLAKE3 provenance hash (32 Bytes)
    83BE43659842361DBB7495DB627109CAC2068F69315EFCDDC24D816EC78B63D1
  n3⦉1⦊ labels
  (d3⦉7⦊pt_disc
    o3⦉90⦊
    b3⦉16⦊
    n3⦉1⦊
  )
>╮
 ╰[
  ╰─(d3⦉4⦊port : u4⦉4383⦊)
   ]

LAN: Multicast 106 bytes to [ff02::68c7:9014]:4384
═══ VSF UDP TX 192.168.0.255:4384 (106 bytes) ═══
RÅ
< Versatile Storage Format
  z3⦉8⦊ version
  y3⦉8⦊ backward compat
  e6⦉2026-JUN-28 1:04:20.482 PM⦊
  b3⦉90⦊ Header size Bytes ✓
  l3⦉106⦊ File length Bytes ✓
  hp3⦉31⦊ BLAKE3 provenance hash (32 Bytes)
    83BE43659842361DBB7495DB627109CAC2068F69315EFCDDC24D816EC78B63D1
  n3⦉1⦊ labels
  (d3⦉7⦊pt_disc
    o3⦉90⦊
    b3⦉16⦊
    n3⦉1⦊
  )
>╮
 ╰[
  ╰─(d3⦉4⦊port : u4⦉4383⦊)
   ]

LAN: Broadcast 106 bytes to 192.168.0.255:4384 (from 192.168.0.153)
LAN: Multicast RX 106 bytes from 192.168.0.153:50003
LAN: Multicast RX 106 bytes from 192.168.0.153:50602
LAN: Multicast RX 106 bytes from 192.168.0.153:50003
Status: TIMEOUT (1/3) - 90e571bf906abc29 (waiting for more failures before offline)
LAN: Multicast RX 106 bytes from 192.168.0.197:52077
LAN: Multicast RX 106 bytes from 192.168.0.197:52255
Status: pinged 1 contact(s)
═══ VSF UDP TX 239.104.199.144:4384 (106 bytes) ═══
RÅ
< Versatile Storage Format
  z3⦉8⦊ version
  y3⦉8⦊ backward compat
  e6⦉2026-JUN-28 1:04:25.468 PM⦊
  b3⦉90⦊ Header size Bytes ✓
  l3⦉106⦊ File length Bytes ✓
  hp3⦉31⦊ BLAKE3 provenance hash (32 Bytes)
    83BE43659842361DBB7495DB627109CAC2068F69315EFCDDC24D816EC78B63D1
  n3⦉1⦊ labels
  (d3⦉7⦊pt_disc
    o3⦉90⦊
    b3⦉16⦊
    n3⦉1⦊
  )
>╮
 ╰[
  ╰─(d3⦉4⦊port : u4⦉4383⦊)
   ]

LAN: Multicast 106 bytes to 239.104.199.144:4384
═══ VSF UDP TX [ff02::68c7:9014]:4384 (106 bytes) ═══
RÅ
< Versatile Storage Format
  z3⦉8⦊ version
  y3⦉8⦊ backward compat
  e6⦉2026-JUN-28 1:04:25.468 PM⦊
  b3⦉90⦊ Header size Bytes ✓
  l3⦉106⦊ File length Bytes ✓
  hp3⦉31⦊ BLAKE3 provenance hash (32 Bytes)
    83BE43659842361DBB7495DB627109CAC2068F69315EFCDDC24D816EC78B63D1
  n3⦉1⦊ labels
  (d3⦉7⦊pt_disc
    o3⦉90⦊
    b3⦉16⦊
    n3⦉1⦊
  )
>╮
 ╰[
  ╰─(d3⦉4⦊port : u4⦉4383⦊)
   ]

LAN: Multicast 106 bytes to [ff02::68c7:9014]:4384
═══ VSF UDP TX 192.168.0.255:4384 (106 bytes) ═══
RÅ
< Versatile Storage Format
  z3⦉8⦊ version
  y3⦉8⦊ backward compat
  e6⦉2026-JUN-28 1:04:25.468 PM⦊
  b3⦉90⦊ Header size Bytes ✓
  l3⦉106⦊ File length Bytes ✓
  hp3⦉31⦊ BLAKE3 provenance hash (32 Bytes)
    83BE43659842361DBB7495DB627109CAC2068F69315EFCDDC24D816EC78B63D1
  n3⦉1⦊ labels
  (d3⦉7⦊pt_disc
    o3⦉90⦊
    b3⦉16⦊
    n3⦉1⦊
  )
>╮
 ╰[
  ╰─(d3⦉4⦊port : u4⦉4383⦊)
   ]

LAN: Broadcast 106 bytes to 192.168.0.255:4384 (from 192.168.0.153)
LAN: Multicast RX 106 bytes from 192.168.0.153:49485
LAN: Multicast RX 106 bytes from 192.168.0.153:57178
LAN: Multicast RX 106 bytes from 192.168.0.153:49485
Status: TIMEOUT (1/3) - 90e571bf906abc29 (waiting for more failures before offline)
═══ VSF UDP RX [::ffff:192.168.0.197]:4383 (406 bytes) ═══
RÅ
< Versatile Storage Format
  z3⦉8⦊ version
  y3⦉8⦊ backward compat
  e6⦉2026-JUN-28 1:04:29.202 PM⦊
  b3⦉191⦊ Header size Bytes ✓
  l4⦉406⦊ File length Bytes ✓
  hp3⦉31⦊ BLAKE3 provenance hash (32 Bytes)
    33B1D25D203C3F974EE6E283CD6CA3D87CD936596EDD93B2CBA0EB2740DD1365
  ke3⦉31⦊ Ed25519 signer pubkey (32 Bytes)
    90E571BF906ABC29B271ECD8E11B1589DE39636E0D7E89E427A0D9D785CD28C8
  ge3⦉63⦊ Ed25519 signature (64 Bytes)
    17DBBEDE15D2CB7B1FE2BF63BB15918C051463778916A4F5D93C95D6E20A42EE
    608EAB07CD46F615832D6B2E5D79CD7474769173359FFD6C55862B14F4485F02
  n3⦉1⦊ labels
  (d3⦉3⦊msg
    o3⦉191⦊
    b3⦉215⦊
    n3⦉3⦊
  )
>╮
 ╰[
  ├─(d3⦉3⦊tok : hg3⦉31⦊⦉G^0*
  │       2B757AD17ED325A77A1EB13ABF66868D01ED5C687257CF44875690CB66B49C3B
  │       ⦊)
  ├─(d3⦉4⦊prev : hp3⦉31⦊⦉G^0*
  │       728DF10384B69336C844409303B7FE7C76B2D610AB36B85709AC34C3EDDB9E9D
  │       ⦊)
  ╰─(d3⦉4⦊data : t3⦉1⦊u3 3⦉106⦊ [236,223,106,147,202,173,0,213,161,48,224,30,136,222,63,52,96,46,148,234,138,220,158,205,217,232,1,220,225,190,252,113,...] 106 u8 tensor)
   ]

CHAT: Received message from zeno (eagle_time 2552274019297254912), 106 bytes ciphertext
CHAIN DECRYPT: sender_handle_hash=6ee82ec3..., key=346f99a8..., salt=2a6bc11c..., eagle_time=2552274019297254912, ciphertext_len=106
CHAIN DECRYPT: raw plaintext bytes = [40, 100, 51, 7, 109, 101, 115, 115, 97, 103, 101, 58, 120, 51, 4, 214, 179, 172, 44, 104, 82, 51, 44, 85, 205, 47, 167, 142, 25, 244, 48, 209, 96, 12, 216, 229, 1, 184, 187, 141, 235, 184, 183, 77, 75, 87, 4, 146, 50, 57, 42, 151, 144, 189, 253, 190, 209, 23, 92, 232, 250, 47, 31, 147, 145, 56, 131, 253, 44, 104, 112, 51, 31, 0, 0, 0, 0, 0, 0, 0, 0, 0, 0, 0, 0, 0, 0, 0, 0, 0, 0, 0, 0, 0, 0, 0, 0, 0, 0, 0, 0, 0, 0, 0, 0, 41]
CHAT: Decrypted message from zeno: "zero" (incorporated_hp=0000000000000000...)
CHAT: Updated hash chain for zeno - msg_hp=05c1b54a014ff7d2...
STORAGE: Saved 1 messages for zeno
CHAT: Sent ACK to zeno (eagle_time 2552274019297254912, hash f06ac0f506e4e7cf...)
PERF: check_status_updates took 240ms (UI thread)
Status: Sending MESSAGE_ACK to [::ffff:192.168.0.197]:4383 (eagle_time 2552274019297254912) via PT
═══ VSF UDP TX [::ffff:192.168.0.197]:4383 (304 bytes) ═══
RÅ
< Versatile Storage Format
  z3⦉8⦊ version
  y3⦉8⦊ backward compat
  e6⦉2026-JUN-28 1:04:29.830 PM⦊
  b3⦉191⦊ Header size Bytes ✓
  l4⦉304⦊ File length Bytes ✓
  hp3⦉31⦊ BLAKE3 provenance hash (32 Bytes)
    20C15B79714880A49057B2E6984E5FB01758E93FA9AB03C5E8CFD9DFB2890D7A
  ke3⦉31⦊ Ed25519 signer pubkey (32 Bytes)
    FE46A74B0E90D8AB0D92EF1A6C6FE717A034C76484FFDD646E36EA03AEAF27F7
  ge3⦉63⦊ Ed25519 signature (64 Bytes)
    D18CC9E0811514175BA222563C883B4861E65A31B90B261016FAEAE02778A332
    663B9663A361F88E519CACC8D4618042154542C1DBF6A21B1FC62D67959B0702
  n3⦉1⦊ labels
  (d3⦉3⦊ack
    o3⦉191⦊
    b3⦉113⦊
    n3⦉3⦊
  )
>╮
 ╰[
  ├─(d3⦉3⦊tok : hg3⦉31⦊⦉G^0*
  │       2B757AD17ED325A77A1EB13ABF66868D01ED5C687257CF44875690CB66B49C3B
  │       ⦊)
  ├─(d3⦉4⦊time : e6⦉2026-JUN-28 1:04:29.202 PM⦊)
  ╰─(d3⦉4⦊hash : hb3⦉31⦊⦉G^0*
          F06AC0F506E4E7CFF66E3E256AA0D323C78CBB529D99B5D4EECF40A883D83A3D
          ⦊)
   ]

Status: pinged 1 contact(s)
Status: TIMEOUT (1/3) - 90e571bf906abc29 (waiting for more failures before offline)
═══ VSF UDP TX 239.104.199.144:4384 (106 bytes) ═══
RÅ
< Versatile Storage Format
  z3⦉8⦊ version
  y3⦉8⦊ backward compat
  e6⦉2026-JUN-28 1:04:30.504 PM⦊
  b3⦉90⦊ Header size Bytes ✓
  l3⦉106⦊ File length Bytes ✓
  hp3⦉31⦊ BLAKE3 provenance hash (32 Bytes)
    83BE43659842361DBB7495DB627109CAC2068F69315EFCDDC24D816EC78B63D1
  n3⦉1⦊ labels
  (d3⦉7⦊pt_disc
    o3⦉90⦊
    b3⦉16⦊
    n3⦉1⦊
  )
>╮
 ╰[
  ╰─(d3⦉4⦊port : u4⦉4383⦊)
   ]

LAN: Multicast 106 bytes to 239.104.199.144:4384
═══ VSF UDP TX [ff02::68c7:9014]:4384 (106 bytes) ═══
RÅ
< Versatile Storage Format
  z3⦉8⦊ version
  y3⦉8⦊ backward compat
  e6⦉2026-JUN-28 1:04:30.504 PM⦊
  b3⦉90⦊ Header size Bytes ✓
  l3⦉106⦊ File length Bytes ✓
  hp3⦉31⦊ BLAKE3 provenance hash (32 Bytes)
    83BE43659842361DBB7495DB627109CAC2068F69315EFCDDC24D816EC78B63D1
  n3⦉1⦊ labels
  (d3⦉7⦊pt_disc
    o3⦉90⦊
    b3⦉16⦊
    n3⦉1⦊
  )
>╮
 ╰[
  ╰─(d3⦉4⦊port : u4⦉4383⦊)
   ]

LAN: Multicast 106 bytes to [ff02::68c7:9014]:4384
═══ VSF UDP TX 192.168.0.255:4384 (106 bytes) ═══
RÅ
< Versatile Storage Format
  z3⦉8⦊ version
  y3⦉8⦊ backward compat
  e6⦉2026-JUN-28 1:04:30.504 PM⦊
  b3⦉90⦊ Header size Bytes ✓
  l3⦉106⦊ File length Bytes ✓
  hp3⦉31⦊ BLAKE3 provenance hash (32 Bytes)
    83BE43659842361DBB7495DB627109CAC2068F69315EFCDDC24D816EC78B63D1
  n3⦉1⦊ labels
  (d3⦉7⦊pt_disc
    o3⦉90⦊
    b3⦉16⦊
    n3⦉1⦊
  )
>╮
 ╰[
  ╰─(d3⦉4⦊port : u4⦉4383⦊)
   ]

LAN: Broadcast 106 bytes to 192.168.0.255:4384 (from 192.168.0.153)
LAN: Multicast RX 106 bytes from 192.168.0.153:62674
LAN: Multicast RX 106 bytes from 192.168.0.153:63830
LAN: Multicast RX 106 bytes from 192.168.0.153:62674
contact-tap: opening conversation with 'zeno'
CHAT: sent message (3 chars) to contact
Status: Sending CHAT_MESSAGE to 192.168.0.197:4383 (tok 2b757ad1...) via PT
═══ VSF UDP TX 192.168.0.197:4383 (383 bytes) ═══
RÅ
< Versatile Storage Format
  z3⦉8⦊ version
  y3⦉8⦊ backward compat
  e6⦉2026-JUN-28 1:04:34.567 PM⦊
  b3⦉191⦊ Header size Bytes ✓
  l4⦉383⦊ File length Bytes ✓
  hp3⦉31⦊ BLAKE3 provenance hash (32 Bytes)
    BB432D91DE4611B8D10C0F9D914ECB72A94DE661B51EDCDBB681388A7A2DA1E8
  ke3⦉31⦊ Ed25519 signer pubkey (32 Bytes)
    FE46A74B0E90D8AB0D92EF1A6C6FE717A034C76484FFDD646E36EA03AEAF27F7
  ge3⦉63⦊ Ed25519 signature (64 Bytes)
    648560516A826E238098A3080E96B05618CCDCE63517E75C60E3C498AAB4D6DA
    0920A68566787A7E5B03747394C77F9CB3752AADB0E9AE29942E87A8004DE505
  n3⦉1⦊ labels
  (d3⦉3⦊msg
    o3⦉191⦊
    b3⦉192⦊
    n3⦉3⦊
  )
>╮
 ╰[
  ├─(d3⦉3⦊tok : hg3⦉31⦊⦉G^0*
  │       2B757AD17ED325A77A1EB13ABF66868D01ED5C687257CF44875690CB66B49C3B
  │       ⦊)
  ├─(d3⦉4⦊prev : hp3⦉31⦊⦉G^0*
  │       D6021728DC61993927F5B76103B584FA7EA92BD53CCC13AD898B36952A4928E0
  │       ⦊)
  ╰─(d3⦉4⦊data : t3⦉1⦊u3 3⦉83⦊ [175,252,75,4,11,55,146,88,169,14,64,177,118,104,185,33,193,25,32,58,190,210,77,164,148,8,213,174,15,109,173,84,...] 83 u8 tensor)
   ]

STORAGE: Saved 2 messages for zeno
Status: TIMEOUT (1/3) - 90e571bf906abc29 (waiting for more failures before offline)
PT: Retransmitting packet to 192.168.0.197:4383 (attempt 1, next backoff 2s)
═══ VSF UDP TX 192.168.0.197:4383 (383 bytes) ═══
RÅ
< Versatile Storage Format
  z3⦉8⦊ version
  y3⦉8⦊ backward compat
  e6⦉2026-JUN-28 1:04:34.567 PM⦊
  b3⦉191⦊ Header size Bytes ✓
  l4⦉383⦊ File length Bytes ✓
  hp3⦉31⦊ BLAKE3 provenance hash (32 Bytes)
    BB432D91DE4611B8D10C0F9D914ECB72A94DE661B51EDCDBB681388A7A2DA1E8
  ke3⦉31⦊ Ed25519 signer pubkey (32 Bytes)
    FE46A74B0E90D8AB0D92EF1A6C6FE717A034C76484FFDD646E36EA03AEAF27F7
  ge3⦉63⦊ Ed25519 signature (64 Bytes)
    648560516A826E238098A3080E96B05618CCDCE63517E75C60E3C498AAB4D6DA
    0920A68566787A7E5B03747394C77F9CB3752AADB0E9AE29942E87A8004DE505
  n3⦉1⦊ labels
  (d3⦉3⦊msg
    o3⦉191⦊
    b3⦉192⦊
    n3⦉3⦊
  )
>╮
 ╰[
  ├─(d3⦉3⦊tok : hg3⦉31⦊⦉G^0*
  │       2B757AD17ED325A77A1EB13ABF66868D01ED5C687257CF44875690CB66B49C3B
  │       ⦊)
  ├─(d3⦉4⦊prev : hp3⦉31⦊⦉G^0*
  │       D6021728DC61993927F5B76103B584FA7EA92BD53CCC13AD898B36952A4928E0
  │       ⦊)
  ╰─(d3⦉4⦊data : t3⦉1⦊u3 3⦉83⦊ [175,252,75,4,11,55,146,88,169,14,64,177,118,104,185,33,193,25,32,58,190,210,77,164,148,8,213,174,15,109,173,84,...] 83 u8 tensor)
   ]

Status: TIMEOUT (2/3) - 90e571bf906abc29 (waiting for more failures before offline)
PT: Retransmitting packet to 192.168.0.197:4383 (attempt 2, next backoff 4s)
═══ VSF UDP TX 192.168.0.197:4383 (383 bytes) ═══
RÅ
< Versatile Storage Format
  z3⦉8⦊ version
  y3⦉8⦊ backward compat
  e6⦉2026-JUN-28 1:04:34.567 PM⦊
  b3⦉191⦊ Header size Bytes ✓
  l4⦉383⦊ File length Bytes ✓
  hp3⦉31⦊ BLAKE3 provenance hash (32 Bytes)
    BB432D91DE4611B8D10C0F9D914ECB72A94DE661B51EDCDBB681388A7A2DA1E8
  ke3⦉31⦊ Ed25519 signer pubkey (32 Bytes)
    FE46A74B0E90D8AB0D92EF1A6C6FE717A034C76484FFDD646E36EA03AEAF27F7
  ge3⦉63⦊ Ed25519 signature (64 Bytes)
    648560516A826E238098A3080E96B05618CCDCE63517E75C60E3C498AAB4D6DA
    0920A68566787A7E5B03747394C77F9CB3752AADB0E9AE29942E87A8004DE505
  n3⦉1⦊ labels
  (d3⦉3⦊msg
    o3⦉191⦊
    b3⦉192⦊
    n3⦉3⦊
  )
>╮
 ╰[
  ├─(d3⦉3⦊tok : hg3⦉31⦊⦉G^0*
  │       2B757AD17ED325A77A1EB13ABF66868D01ED5C687257CF44875690CB66B49C3B
  │       ⦊)
  ├─(d3⦉4⦊prev : hp3⦉31⦊⦉G^0*
  │       D6021728DC61993927F5B76103B584FA7EA92BD53CCC13AD898B36952A4928E0
  │       ⦊)
  ╰─(d3⦉4⦊data : t3⦉1⦊u3 3⦉83⦊ [175,252,75,4,11,55,146,88,169,14,64,177,118,104,185,33,193,25,32,58,190,210,77,164,148,8,213,174,15,109,173,84,...] 83 u8 tensor)
   ]

═══ VSF UDP RX [::ffff:192.168.0.197]:4383 (382 bytes) ═══
RÅ
< Versatile Storage Format
  z3⦉8⦊ version
  y3⦉8⦊ backward compat
  e6⦉2026-JUN-28 1:04:38.378 PM⦊
  b3⦉191⦊ Header size Bytes ✓
  l4⦉382⦊ File length Bytes ✓
  hp3⦉31⦊ BLAKE3 provenance hash (32 Bytes)
    EDDF984F11FD5E36CD534D210B554CF0D1832A33BD65DFFAED61076DD1EB856B
  ke3⦉31⦊ Ed25519 signer pubkey (32 Bytes)
    90E571BF906ABC29B271ECD8E11B1589DE39636E0D7E89E427A0D9D785CD28C8
  ge3⦉63⦊ Ed25519 signature (64 Bytes)
    CEF9E2F13932E886FF14D68D54C44B193D8AC644AF45E0CFCA49756C3D03FCAE
    09DCF4013100679E3A35599E85E0F30896FC6DABD3170F55EA773CFB6C1ED601
  n3⦉1⦊ labels
  (d3⦉3⦊msg
    o3⦉191⦊
    b3⦉191⦊
    n3⦉3⦊
  )
>╮
 ╰[
  ├─(d3⦉3⦊tok : hg3⦉31⦊⦉G^0*
  │       2B757AD17ED325A77A1EB13ABF66868D01ED5C687257CF44875690CB66B49C3B
  │       ⦊)
  ├─(d3⦉4⦊prev : hp3⦉31⦊⦉G^0*
  │       05C1B54A014FF7D29B163922793171D5DA22CBA118135F414A12E572A9CC6A1E
  │       ⦊)
  ╰─(d3⦉4⦊data : t3⦉1⦊u3 3⦉82⦊ [30,141,117,36,120,146,18,65,216,207,206,229,114,33,39,248,174,228,135,40,170,40,93,114,7,128,232,188,65,143,13,102,...] 82 u8 tensor)
   ]

CHAT: Received message from zeno (eagle_time 2552274032331713024), 82 bytes ciphertext
CHAIN DECRYPT: sender_handle_hash=6ee82ec3..., key=56c4bedb..., salt=33132a17..., eagle_time=2552274032331713024, ciphertext_len=82
CHAIN DECRYPT: raw plaintext bytes = [40, 100, 51, 7, 109, 101, 115, 115, 97, 103, 101, 58, 120, 51, 3, 162, 43, 0, 44, 104, 112, 51, 31, 0, 0, 0, 0, 0, 0, 0, 0, 0, 0, 0, 0, 0, 0, 0, 0, 0, 0, 0, 0, 0, 0, 0, 0, 0, 0, 0, 0, 0, 0, 0, 0, 44, 104, 82, 51, 20, 155, 15, 14, 45, 166, 239, 103, 92, 226, 41, 67, 123, 35, 96, 196, 19, 137, 142, 253, 185, 196, 41]
CHAT: Decrypted message from zeno: "two" (incorporated_hp=0000000000000000...)
CHAT: Updated hash chain for zeno - msg_hp=b8435fc1b432c05b...
STORAGE: Saved 3 messages for zeno
CHAT: Sent ACK to zeno (eagle_time 2552274032331713024, hash 487120f03eb2f098...)
PERF: check_status_updates took 516ms (UI thread)
Status: Sending MESSAGE_ACK to [::ffff:192.168.0.197]:4383 (eagle_time 2552274032331713024) via PT
═══ VSF UDP RX [::ffff:192.168.0.197]:4383 (382 bytes) ═══
RÅ
< Versatile Storage Format
  z3⦉8⦊ version
  y3⦉8⦊ backward compat
  e6⦉2026-JUN-28 1:04:38.378 PM⦊
  b3⦉191⦊ Header size Bytes ✓
  l4⦉382⦊ File length Bytes ✓
  hp3⦉31⦊ BLAKE3 provenance hash (32 Bytes)
    EDDF984F11FD5E36CD534D210B554CF0D1832A33BD65DFFAED61076DD1EB856B
  ke3⦉31⦊ Ed25519 signer pubkey (32 Bytes)
    90E571BF906ABC29B271ECD8E11B1589DE39636E0D7E89E427A0D9D785CD28C8
  ge3⦉63⦊ Ed25519 signature (64 Bytes)
    CEF9E2F13932E886FF14D68D54C44B193D8AC644AF45E0CFCA49756C3D03FCAE
    09DCF4013100679E3A35599E85E0F30896FC6DABD3170F55EA773CFB6C1ED601
  n3⦉1⦊ labels
  (d3⦉3⦊msg
    o3⦉191⦊
    b3⦉191⦊
    n3⦉3⦊
  )
>╮
 ╰[
  ├─(d3⦉3⦊tok : hg3⦉31⦊⦉G^0*
  │       2B757AD17ED325A77A1EB13ABF66868D01ED5C687257CF44875690CB66B49C3B
  │       ⦊)
  ├─(d3⦉4⦊prev : hp3⦉31⦊⦉G^0*
  │       05C1B54A014FF7D29B163922793171D5DA22CBA118135F414A12E572A9CC6A1E
  │       ⦊)
  ╰─(d3⦉4⦊data : t3⦉1⦊u3 3⦉82⦊ [30,141,117,36,120,146,18,65,216,207,206,229,114,33,39,248,174,228,135,40,170,40,93,114,7,128,232,188,65,143,13,102,...] 82 u8 tensor)
   ]

CHAT: Skipping duplicate message from zeno (eagle_time 2552274032331713024)
CHAT: sent message (5 chars) to contact
Status: Sending CHAT_MESSAGE to 192.168.0.197:4383 (tok 2b757ad1...) via PT
═══ VSF UDP RX [::ffff:192.168.0.197]:4383 (382 bytes) ═══
RÅ
< Versatile Storage Format
  z3⦉8⦊ version
  y3⦉8⦊ backward compat
  e6⦉2026-JUN-28 1:04:38.378 PM⦊
  b3⦉191⦊ Header size Bytes ✓
  l4⦉382⦊ File length Bytes ✓
  hp3⦉31⦊ BLAKE3 provenance hash (32 Bytes)
    EDDF984F11FD5E36CD534D210B554CF0D1832A33BD65DFFAED61076DD1EB856B
  ke3⦉31⦊ Ed25519 signer pubkey (32 Bytes)
    90E571BF906ABC29B271ECD8E11B1589DE39636E0D7E89E427A0D9D785CD28C8
  ge3⦉63⦊ Ed25519 signature (64 Bytes)
    CEF9E2F13932E886FF14D68D54C44B193D8AC644AF45E0CFCA49756C3D03FCAE
    09DCF4013100679E3A35599E85E0F30896FC6DABD3170F55EA773CFB6C1ED601
  n3⦉1⦊ labels
  (d3⦉3⦊msg
    o3⦉191⦊
    b3⦉191⦊
    n3⦉3⦊
  )
>╮
 ╰[
  ├─(d3⦉3⦊tok : hg3⦉31⦊⦉G^0*
  │       2B757AD17ED325A77A1EB13ABF66868D01ED5C687257CF44875690CB66B49C3B
  │       ⦊)
  ├─(d3⦉4⦊prev : hp3⦉31⦊⦉G^0*
  │       05C1B54A014FF7D29B163922793171D5DA22CBA118135F414A12E572A9CC6A1E
  │       ⦊)
  ╰─(d3⦉4⦊data : t3⦉1⦊u3 3⦉82⦊ [30,141,117,36,120,146,18,65,216,207,206,229,114,33,39,248,174,228,135,40,170,40,93,114,7,128,232,188,65,143,13,102,...] 82 u8 tensor)
   ]

PT: Retransmitting packet to 192.168.0.197:4383 (attempt 3, next backoff 8s)
═══ VSF UDP TX 192.168.0.197:4383 (383 bytes) ═══
RÅ
< Versatile Storage Format
  z3⦉8⦊ version
  y3⦉8⦊ backward compat
  e6⦉2026-JUN-28 1:04:34.567 PM⦊
  b3⦉191⦊ Header size Bytes ✓
  l4⦉383⦊ File length Bytes ✓
  hp3⦉31⦊ BLAKE3 provenance hash (32 Bytes)
    BB432D91DE4611B8D10C0F9D914ECB72A94DE661B51EDCDBB681388A7A2DA1E8
  ke3⦉31⦊ Ed25519 signer pubkey (32 Bytes)
    FE46A74B0E90D8AB0D92EF1A6C6FE717A034C76484FFDD646E36EA03AEAF27F7
  ge3⦉63⦊ Ed25519 signature (64 Bytes)
    648560516A826E238098A3080E96B05618CCDCE63517E75C60E3C498AAB4D6DA
    0920A68566787A7E5B03747394C77F9CB3752AADB0E9AE29942E87A8004DE505
  n3⦉1⦊ labels
  (d3⦉3⦊msg
    o3⦉191⦊
    b3⦉192⦊
    n3⦉3⦊
  )
>╮
 ╰[
  ├─(d3⦉3⦊tok : hg3⦉31⦊⦉G^0*
  │       2B757AD17ED325A77A1EB13ABF66868D01ED5C687257CF44875690CB66B49C3B
  │       ⦊)
  ├─(d3⦉4⦊prev : hp3⦉31⦊⦉G^0*
  │       D6021728DC61993927F5B76103B584FA7EA92BD53CCC13AD898B36952A4928E0
  │       ⦊)
  ╰─(d3⦉4⦊data : t3⦉1⦊u3 3⦉83⦊ [175,252,75,4,11,55,146,88,169,14,64,177,118,104,185,33,193,25,32,58,190,210,77,164,148,8,213,174,15,109,173,84,...] 83 u8 tensor)
   ]

STORAGE: Saved 4 messages for zeno
CHAT: Skipping duplicate message from zeno (eagle_time 2552274032331713024)
═══ VSF UDP RX [::ffff:192.168.0.197]:4383 (368 bytes) ═══
RÅ
< Versatile Storage Format
  z3⦉8⦊ version
  y3⦉8⦊ backward compat
  e6⦉2026-JUN-28 1:04:45.114 PM⦊
  b3⦉191⦊ Header size Bytes ✓
  l4⦉368⦊ File length Bytes ✓
  hp3⦉31⦊ BLAKE3 provenance hash (32 Bytes)
    948B6CEB7D604968C2A64E15F14645CEC829EE2FEAEE40750453298D5A2D1B2A
  ke3⦉31⦊ Ed25519 signer pubkey (32 Bytes)
    90E571BF906ABC29B271ECD8E11B1589DE39636E0D7E89E427A0D9D785CD28C8
  ge3⦉63⦊ Ed25519 signature (64 Bytes)
    EA9AE027FA9B730228C8C6D521929E07A7BD016D727A76F89E1B63FDFC27C554
    97AF6462CC476F40F55B60D716CEA297951A49A400A3CC4F1B9B2483130A6F02
  n3⦉1⦊ labels
  (d3⦉3⦊msg
    o3⦉191⦊
    b3⦉177⦊
    n3⦉3⦊
  )
>╮
 ╰[
  ├─(d3⦉3⦊tok : hg3⦉31⦊⦉G^0*
  │       2B757AD17ED325A77A1EB13ABF66868D01ED5C687257CF44875690CB66B49C3B
  │       ⦊)
  ├─(d3⦉4⦊prev : hp3⦉31⦊⦉G^0*
  │       B8435FC1B432C05BEB9B06167E29FEB938E4A8126BF168B36B0C35060D189A71
  │       ⦊)
  ╰─(d3⦉4⦊data : t3⦉1⦊u3 3⦉68⦊ [230,204,97,102,19,70,208,72,76,197,35,245,214,188,134,43,36,55,46,109,174,14,224,216,79,64,4,50,133,207,247,55,...] 68 u8 tensor)
   ]

CHAT: Received message from zeno (eagle_time 2552274041899083264), 68 bytes ciphertext
CHAIN DECRYPT: sender_handle_hash=6ee82ec3..., key=1b3cba6a..., salt=2a9cb732..., eagle_time=2552274041899083264, ciphertext_len=68
CHAIN DECRYPT: raw plaintext bytes = [151, 192, 251, 214, 138, 6, 66, 63, 95, 193, 236, 138, 94, 40, 123, 83, 101, 147, 19, 82, 246, 209, 176, 232, 74, 33, 246, 93, 48, 236, 155, 49, 182, 227, 44, 233, 126, 17, 209, 201, 190, 144, 109, 102, 134, 151, 124, 164, 229, 236, 82, 147, 48, 46, 145, 0, 200, 72, 129, 63, 155, 143, 173, 92, 116, 147, 209, 42]
CHAT: VsfField parse error: Expected '(' at position 0, found Some(151)
═══ VSF UDP RX [::ffff:192.168.0.197]:4383 (382 bytes) ═══
RÅ
< Versatile Storage Format
  z3⦉8⦊ version
  y3⦉8⦊ backward compat
  e6⦉2026-JUN-28 1:04:38.378 PM⦊
  b3⦉191⦊ Header size Bytes ✓
  l4⦉382⦊ File length Bytes ✓
  hp3⦉31⦊ BLAKE3 provenance hash (32 Bytes)
    EDDF984F11FD5E36CD534D210B554CF0D1832A33BD65DFFAED61076DD1EB856B
  ke3⦉31⦊ Ed25519 signer pubkey (32 Bytes)
    90E571BF906ABC29B271ECD8E11B1589DE39636E0D7E89E427A0D9D785CD28C8
  ge3⦉63⦊ Ed25519 signature (64 Bytes)
    CEF9E2F13932E886FF14D68D54C44B193D8AC644AF45E0CFCA49756C3D03FCAE
    09DCF4013100679E3A35599E85E0F30896FC6DABD3170F55EA773CFB6C1ED601
  n3⦉1⦊ labels
  (d3⦉3⦊msg
    o3⦉191⦊
    b3⦉191⦊
    n3⦉3⦊
  )
>╮
 ╰[
  ├─(d3⦉3⦊tok : hg3⦉31⦊⦉G^0*
  │       2B757AD17ED325A77A1EB13ABF66868D01ED5C687257CF44875690CB66B49C3B
  │       ⦊)
  ├─(d3⦉4⦊prev : hp3⦉31⦊⦉G^0*
  │       05C1B54A014FF7D29B163922793171D5DA22CBA118135F414A12E572A9CC6A1E
  │       ⦊)
  ╰─(d3⦉4⦊data : t3⦉1⦊u3 3⦉82⦊ [30,141,117,36,120,146,18,65,216,207,206,229,114,33,39,248,174,228,135,40,170,40,93,114,7,128,232,188,65,143,13,102,...] 82 u8 tensor)
   ]

CHAT: Skipping duplicate message from zeno (eagle_time 2552274032331713024)
═══ VSF UDP RX [::ffff:192.168.0.197]:4383 (368 bytes) ═══
RÅ
< Versatile Storage Format
  z3⦉8⦊ version
  y3⦉8⦊ backward compat
  e6⦉2026-JUN-28 1:04:45.114 PM⦊
  b3⦉191⦊ Header size Bytes ✓
  l4⦉368⦊ File length Bytes ✓
  hp3⦉31⦊ BLAKE3 provenance hash (32 Bytes)
    948B6CEB7D604968C2A64E15F14645CEC829EE2FEAEE40750453298D5A2D1B2A
  ke3⦉31⦊ Ed25519 signer pubkey (32 Bytes)
    90E571BF906ABC29B271ECD8E11B1589DE39636E0D7E89E427A0D9D785CD28C8
  ge3⦉63⦊ Ed25519 signature (64 Bytes)
    EA9AE027FA9B730228C8C6D521929E07A7BD016D727A76F89E1B63FDFC27C554
    97AF6462CC476F40F55B60D716CEA297951A49A400A3CC4F1B9B2483130A6F02
  n3⦉1⦊ labels
  (d3⦉3⦊msg
    o3⦉191⦊
    b3⦉177⦊
    n3⦉3⦊
  )
>╮
 ╰[
  ├─(d3⦉3⦊tok : hg3⦉31⦊⦉G^0*
  │       2B757AD17ED325A77A1EB13ABF66868D01ED5C687257CF44875690CB66B49C3B
  │       ⦊)
  ├─(d3⦉4⦊prev : hp3⦉31⦊⦉G^0*
  │       B8435FC1B432C05BEB9B06167E29FEB938E4A8126BF168B36B0C35060D189A71
  │       ⦊)
  ╰─(d3⦉4⦊data : t3⦉1⦊u3 3⦉68⦊ [230,204,97,102,19,70,208,72,76,197,35,245,214,188,134,43,36,55,46,109,174,14,224,216,79,64,4,50,133,207,247,55,...] 68 u8 tensor)
   ]

CHAT: Received message from zeno (eagle_time 2552274041899083264), 68 bytes ciphertext
CHAIN DECRYPT: sender_handle_hash=6ee82ec3..., key=1b3cba6a..., salt=2a9cb732..., eagle_time=2552274041899083264, ciphertext_len=68
CHAIN DECRYPT: raw plaintext bytes = [151, 192, 251, 214, 138, 6, 66, 63, 95, 193, 236, 138, 94, 40, 123, 83, 101, 147, 19, 82, 246, 209, 176, 232, 74, 33, 246, 93, 48, 236, 155, 49, 182, 227, 44, 233, 126, 17, 209, 201, 190, 144, 109, 102, 134, 151, 124, 164, 229, 236, 82, 147, 48, 46, 145, 0, 200, 72, 129, 63, 155, 143, 173, 92, 116, 147, 209, 42]
CHAT: VsfField parse error: Expected '(' at position 0, found Some(151)
CHAT: sent message (4 chars) to contact
Status: Sending CHAT_MESSAGE to 192.168.0.197:4383 (tok 2b757ad1...) via PT
STORAGE: Saved 5 messages for zeno
═══ VSF UDP RX [::ffff:192.168.0.197]:4383 (368 bytes) ═══
RÅ
< Versatile Storage Format
  z3⦉8⦊ version
  y3⦉8⦊ backward compat
  e6⦉2026-JUN-28 1:04:45.114 PM⦊
  b3⦉191⦊ Header size Bytes ✓
  l4⦉368⦊ File length Bytes ✓
  hp3⦉31⦊ BLAKE3 provenance hash (32 Bytes)
    948B6CEB7D604968C2A64E15F14645CEC829EE2FEAEE40750453298D5A2D1B2A
  ke3⦉31⦊ Ed25519 signer pubkey (32 Bytes)
    90E571BF906ABC29B271ECD8E11B1589DE39636E0D7E89E427A0D9D785CD28C8
  ge3⦉63⦊ Ed25519 signature (64 Bytes)
    EA9AE027FA9B730228C8C6D521929E07A7BD016D727A76F89E1B63FDFC27C554
    97AF6462CC476F40F55B60D716CEA297951A49A400A3CC4F1B9B2483130A6F02
  n3⦉1⦊ labels
  (d3⦉3⦊msg
    o3⦉191⦊
    b3⦉177⦊
    n3⦉3⦊
  )
>╮
 ╰[
  ├─(d3⦉3⦊tok : hg3⦉31⦊⦉G^0*
  │       2B757AD17ED325A77A1EB13ABF66868D01ED5C687257CF44875690CB66B49C3B
  │       ⦊)
  ├─(d3⦉4⦊prev : hp3⦉31⦊⦉G^0*
  │       B8435FC1B432C05BEB9B06167E29FEB938E4A8126BF168B36B0C35060D189A71
  │       ⦊)
  ╰─(d3⦉4⦊data : t3⦉1⦊u3 3⦉68⦊ [230,204,97,102,19,70,208,72,76,197,35,245,214,188,134,43,36,55,46,109,174,14,224,216,79,64,4,50,133,207,247,55,...] 68 u8 tensor)
   ]

CHAT: Received message from zeno (eagle_time 2552274041899083264), 68 bytes ciphertext
CHAIN DECRYPT: sender_handle_hash=6ee82ec3..., key=1b3cba6a..., salt=2a9cb732..., eagle_time=2552274041899083264, ciphertext_len=68
CHAIN DECRYPT: raw plaintext bytes = [151, 192, 251, 214, 138, 6, 66, 63, 95, 193, 236, 138, 94, 40, 123, 83, 101, 147, 19, 82, 246, 209, 176, 232, 74, 33, 246, 93, 48, 236, 155, 49, 182, 227, 44, 233, 126, 17, 209, 201, 190, 144, 109, 102, 134, 151, 124, 164, 229, 236, 82, 147, 48, 46, 145, 0, 200, 72, 129, 63, 155, 143, 173, 92, 116, 147, 209, 42]
CHAT: VsfField parse error: Expected '(' at position 0, found Some(151)
PT: Retransmitting packet to 192.168.0.197:4383 (attempt 4, next backoff 16s)
═══ VSF UDP TX 192.168.0.197:4383 (383 bytes) ═══
RÅ
< Versatile Storage Format
  z3⦉8⦊ version
  y3⦉8⦊ backward compat
  e6⦉2026-JUN-28 1:04:34.567 PM⦊
  b3⦉191⦊ Header size Bytes ✓
  l4⦉383⦊ File length Bytes ✓
  hp3⦉31⦊ BLAKE3 provenance hash (32 Bytes)
    BB432D91DE4611B8D10C0F9D914ECB72A94DE661B51EDCDBB681388A7A2DA1E8
  ke3⦉31⦊ Ed25519 signer pubkey (32 Bytes)
    FE46A74B0E90D8AB0D92EF1A6C6FE717A034C76484FFDD646E36EA03AEAF27F7
  ge3⦉63⦊ Ed25519 signature (64 Bytes)
    648560516A826E238098A3080E96B05618CCDCE63517E75C60E3C498AAB4D6DA
    0920A68566787A7E5B03747394C77F9CB3752AADB0E9AE29942E87A8004DE505
  n3⦉1⦊ labels
  (d3⦉3⦊msg
    o3⦉191⦊
    b3⦉192⦊
    n3⦉3⦊
  )
>╮
 ╰[
  ├─(d3⦉3⦊tok : hg3⦉31⦊⦉G^0*
  │       2B757AD17ED325A77A1EB13ABF66868D01ED5C687257CF44875690CB66B49C3B
  │       ⦊)
  ├─(d3⦉4⦊prev : hp3⦉31⦊⦉G^0*
  │       D6021728DC61993927F5B76103B584FA7EA92BD53CCC13AD898B36952A4928E0
  │       ⦊)
  ╰─(d3⦉4⦊data : t3⦉1⦊u3 3⦉83⦊ [175,252,75,4,11,55,146,88,169,14,64,177,118,104,185,33,193,25,32,58,190,210,77,164,148,8,213,174,15,109,173,84,...] 83 u8 tensor)
   ]

═══ VSF UDP RX [::ffff:192.168.0.197]:4383 (368 bytes) ═══
RÅ
< Versatile Storage Format
  z3⦉8⦊ version
  y3⦉8⦊ backward compat
  e6⦉2026-JUN-28 1:04:45.114 PM⦊
  b3⦉191⦊ Header size Bytes ✓
  l4⦉368⦊ File length Bytes ✓
  hp3⦉31⦊ BLAKE3 provenance hash (32 Bytes)
    948B6CEB7D604968C2A64E15F14645CEC829EE2FEAEE40750453298D5A2D1B2A
  ke3⦉31⦊ Ed25519 signer pubkey (32 Bytes)
    90E571BF906ABC29B271ECD8E11B1589DE39636E0D7E89E427A0D9D785CD28C8
  ge3⦉63⦊ Ed25519 signature (64 Bytes)
    EA9AE027FA9B730228C8C6D521929E07A7BD016D727A76F89E1B63FDFC27C554
    97AF6462CC476F40F55B60D716CEA297951A49A400A3CC4F1B9B2483130A6F02
  n3⦉1⦊ labels
  (d3⦉3⦊msg
    o3⦉191⦊
    b3⦉177⦊
    n3⦉3⦊
  )
>╮
 ╰[
  ├─(d3⦉3⦊tok : hg3⦉31⦊⦉G^0*
  │       2B757AD17ED325A77A1EB13ABF66868D01ED5C687257CF44875690CB66B49C3B
  │       ⦊)
  ├─(d3⦉4⦊prev : hp3⦉31⦊⦉G^0*
  │       B8435FC1B432C05BEB9B06167E29FEB938E4A8126BF168B36B0C35060D189A71
  │       ⦊)
  ╰─(d3⦉4⦊data : t3⦉1⦊u3 3⦉68⦊ [230,204,97,102,19,70,208,72,76,197,35,245,214,188,134,43,36,55,46,109,174,14,224,216,79,64,4,50,133,207,247,55,...] 68 u8 tensor)
   ]

CHAT: Received message from zeno (eagle_time 2552274041899083264), 68 bytes ciphertext
CHAIN DECRYPT: sender_handle_hash=6ee82ec3..., key=1b3cba6a..., salt=2a9cb732..., eagle_time=2552274041899083264, ciphertext_len=68
CHAIN DECRYPT: raw plaintext bytes = [151, 192, 251, 214, 138, 6, 66, 63, 95, 193, 236, 138, 94, 40, 123, 83, 101, 147, 19, 82, 246, 209, 176, 232, 74, 33, 246, 93, 48, 236, 155, 49, 182, 227, 44, 233, 126, 17, 209, 201, 190, 144, 109, 102, 134, 151, 124, 164, 229, 236, 82, 147, 48, 46, 145, 0, 200, 72, 129, 63, 155, 143, 173, 92, 116, 147, 209, 42]
CHAT: VsfField parse error: Expected '(' at position 0, found Some(151)
═══ VSF UDP RX [::ffff:192.168.0.197]:4383 (382 bytes) ═══
RÅ
< Versatile Storage Format
  z3⦉8⦊ version
  y3⦉8⦊ backward compat
  e6⦉2026-JUN-28 1:04:38.378 PM⦊
  b3⦉191⦊ Header size Bytes ✓
  l4⦉382⦊ File length Bytes ✓
  hp3⦉31⦊ BLAKE3 provenance hash (32 Bytes)
    EDDF984F11FD5E36CD534D210B554CF0D1832A33BD65DFFAED61076DD1EB856B
  ke3⦉31⦊ Ed25519 signer pubkey (32 Bytes)
    90E571BF906ABC29B271ECD8E11B1589DE39636E0D7E89E427A0D9D785CD28C8
  ge3⦉63⦊ Ed25519 signature (64 Bytes)
    CEF9E2F13932E886FF14D68D54C44B193D8AC644AF45E0CFCA49756C3D03FCAE
    09DCF4013100679E3A35599E85E0F30896FC6DABD3170F55EA773CFB6C1ED601
  n3⦉1⦊ labels
  (d3⦉3⦊msg
    o3⦉191⦊
    b3⦉191⦊
    n3⦉3⦊
  )
>╮
 ╰[
  ├─(d3⦉3⦊tok : hg3⦉31⦊⦉G^0*
  │       2B757AD17ED325A77A1EB13ABF66868D01ED5C687257CF44875690CB66B49C3B
  │       ⦊)
  ├─(d3⦉4⦊prev : hp3⦉31⦊⦉G^0*
  │       05C1B54A014FF7D29B163922793171D5DA22CBA118135F414A12E572A9CC6A1E
  │       ⦊)
  ╰─(d3⦉4⦊data : t3⦉1⦊u3 3⦉82⦊ [30,141,117,36,120,146,18,65,216,207,206,229,114,33,39,248,174,228,135,40,170,40,93,114,7,128,232,188,65,143,13,102,...] 82 u8 tensor)
   ]

CHAT: Skipping duplicate message from zeno (eagle_time 2552274032331713024)
═══ VSF UDP RX [::ffff:192.168.0.197]:4383 (368 bytes) ═══
RÅ
< Versatile Storage Format
  z3⦉8⦊ version
  y3⦉8⦊ backward compat
  e6⦉2026-JUN-28 1:04:45.114 PM⦊
  b3⦉191⦊ Header size Bytes ✓
  l4⦉368⦊ File length Bytes ✓
  hp3⦉31⦊ BLAKE3 provenance hash (32 Bytes)
    948B6CEB7D604968C2A64E15F14645CEC829EE2FEAEE40750453298D5A2D1B2A
  ke3⦉31⦊ Ed25519 signer pubkey (32 Bytes)
    90E571BF906ABC29B271ECD8E11B1589DE39636E0D7E89E427A0D9D785CD28C8
  ge3⦉63⦊ Ed25519 signature (64 Bytes)
    EA9AE027FA9B730228C8C6D521929E07A7BD016D727A76F89E1B63FDFC27C554
    97AF6462CC476F40F55B60D716CEA297951A49A400A3CC4F1B9B2483130A6F02
  n3⦉1⦊ labels
  (d3⦉3⦊msg
    o3⦉191⦊
    b3⦉177⦊
    n3⦉3⦊
  )
>╮
 ╰[
  ├─(d3⦉3⦊tok : hg3⦉31⦊⦉G^0*
  │       2B757AD17ED325A77A1EB13ABF66868D01ED5C687257CF44875690CB66B49C3B
  │       ⦊)
  ├─(d3⦉4⦊prev : hp3⦉31⦊⦉G^0*
  │       B8435FC1B432C05BEB9B06167E29FEB938E4A8126BF168B36B0C35060D189A71
  │       ⦊)
  ╰─(d3⦉4⦊data : t3⦉1⦊u3 3⦉68⦊ [230,204,97,102,19,70,208,72,76,197,35,245,214,188,134,43,36,55,46,109,174,14,224,216,79,64,4,50,133,207,247,55,...] 68 u8 tensor)
   ]

CHAT: Received message from zeno (eagle_time 2552274041899083264), 68 bytes ciphertext
CHAIN DECRYPT: sender_handle_hash=6ee82ec3..., key=1b3cba6a..., salt=2a9cb732..., eagle_time=2552274041899083264, ciphertext_len=68
CHAIN DECRYPT: raw plaintext bytes = [151, 192, 251, 214, 138, 6, 66, 63, 95, 193, 236, 138, 94, 40, 123, 83, 101, 147, 19, 82, 246, 209, 176, 232, 74, 33, 246, 93, 48, 236, 155, 49, 182, 227, 44, 233, 126, 17, 209, 201, 190, 144, 109, 102, 134, 151, 124, 164, 229, 236, 82, 147, 48, 46, 145, 0, 200, 72, 129, 63, 155, 143, 173, 92, 116, 147, 209, 42]
CHAT: VsfField parse error: Expected '(' at position 0, found Some(151)

